#
# A fatal error has been detected by the Java Runtime Environment:
#
#  SIGSEGV (0xb) at pc=0x0000000110f63094, pid=2458, tid=259
#
# JRE version: Java(TM) SE Runtime Environment 18.9 (11.0.12+8) (build 11.0.12+8-LTS-237)
# Java VM: Java HotSpot(TM) 64-Bit Server VM 18.9 (11.0.12+8-LTS-237, mixed mode, tiered, compressed oops, g1 gc, bsd-amd64)
# Problematic frame:
# V  [libjvm.dylib+0x763094]  _ZN16RawAccessBarrierILy1097844EE13load_internalILy1097844EP7oopDescEEN8EnableIfIXsr12HasDecoratorIXT_EXL_ZL12MO_UNORDEREDEEEE5valueET0_E4typeEPv+0x4
#
# No core dump will be written. Core dumps have been disabled. To enable core dumping, try "ulimit -c unlimited" before starting Java again
#
# If you would like to submit a bug report, please visit:
#   https://bugreport.java.com/bugreport/crash.jsp
#

---------------  S U M M A R Y ------------

Command Line: -Dfile.encoding=UTF-8 TabAndThreadEx

Host: MacBookPro17,1 x86_64 2400 MHz, 8 cores, 16G, Darwin 20.6.0
Time: Thu Sep 30 16:49:54 2021 KST elapsed time: 1.909402 seconds (0d 0h 0m 1s)

---------------  T H R E A D  ---------------

Current thread (0x00007fd69825a800):  JavaThread "AppKit Thread" daemon [_thread_in_vm, id=259, stack(0x000000030be23000,0x000000030c623000)]

Stack: [0x000000030be23000,0x000000030c623000],  sp=0x000000030c61b640,  free space=8161k
Native frames: (J=compiled Java code, A=aot compiled Java code, j=interpreted, Vv=VM code, C=native code)
V  [libjvm.dylib+0x763094]  _ZN16RawAccessBarrierILy1097844EE13load_internalILy1097844EP7oopDescEEN8EnableIfIXsr12HasDecoratorIXT_EXL_ZL12MO_UNORDEREDEEEE5valueET0_E4typeEPv+0x4
V  [libjvm.dylib+0x763059]  _ZN16RawAccessBarrierILy1097844EE8oop_loadIP7oopDescEET_Pv+0x9
V  [libjvm.dylib+0x7630cb]  _ZN12G1BarrierSet13AccessBarrierILy1097844ES_E20oop_load_not_in_heapIP7oopDescEES4_PT_+0xb
V  [libjvm.dylib+0x3db870]  _ZL13get_method_idP7JNIEnv_P7_jclassPKcS4_bP6Thread+0xab
V  [libjvm.dylib+0x3db74d]  jni_GetMethodID+0xe5
C  [libawt_lwawt.dylib+0xbab1]  -[AWTView attributedSubstringForProposedRange:actualRange:]+0x60
C  [AppKit+0xa1c9a8]  -[NSTextInputContext(NSInputContext_WithCompletion) attributedSubstringForProposedRange:completionHandler:]+0x8b
C  [AppKit+0xa19c19]  __55-[NSTextInputContext handleTSMEvent:completionHandler:]_block_invoke_4.536+0x55
C  [AppKit+0xa15afb]  __194-[NSTextInputContext tryHandleTSMEvent_attributedString_attributedSubstringForProposedRange_withContext:dispatchCondition:dispatchWork:dispatchFurtherCondition:dispatchFurtherWork:continuation:]_block_invoke+0x6e
C  [AppKit+0xa19ba1]  __55-[NSTextInputContext handleTSMEvent:completionHandler:]_block_invoke.531+0x4a
C  [AppKit+0xa159fc]  -[NSTextInputContext tryHandleTSMEvent_attributedString_attributedSubstringForProposedRange_withContext:dispatchCondition:dispatchWork:dispatchFurtherCondition:dispatchFurtherWork:continuation:]+0x9d
C  [AppKit+0x269af8]  -[NSTextInputContext handleTSMEvent:completionHandler:]+0x1101
C  [AppKit+0x268982]  _NSTSMEventHandler+0x12b
C  [HIToolbox+0x9da1]  _ZL23DispatchEventToHandlersP14EventTargetRecP14OpaqueEventRefP14HandlerCallRec+0x552
C  [HIToolbox+0x91c3]  _ZL30SendEventToEventTargetInternalP14OpaqueEventRefP20OpaqueEventTargetRefP14HandlerCallRec+0x14b
C  [HIToolbox+0x906c]  SendEventToEventTargetWithOptions+0x2d
C  [HIToolbox+0x65f26]  SendTSMEvent_WithCompletionHandler+0x17d
C  [HIToolbox+0x215130]  __SendTextInputEvent_WithCompletionHandler_block_invoke+0x1e9
C  [HIToolbox+0x213921]  SendTextInputEvent_WithCompletionHandler+0x46c
C  [HIToolbox+0x274d26]  -[IMKInputSession _postEvent:completionHandler:]+0x9c
C  [HIToolbox+0x28824f]  -[IMKInputSession _copyUniCharsForRange:intoBuffer:ofLength:completionHandler:]+0x1ec
C  [HIToolbox+0x288914]  -[IMKInputSession _coreAttributesFromRange:whichAttributes:completionHandler:]+0x101
C  [HIToolbox+0x28a508]  -[IMKInputSession attributedSubstringFromRange:completionHandler:]+0xd2
C  [HIToolbox+0x27729c]  __61-[IMKInputSession imkxpc_attributedSubstringFromRange:reply:]_block_invoke+0x1e5
C  [CoreFoundation+0x80bb2]  __CFRUNLOOP_IS_CALLING_OUT_TO_A_BLOCK__+0xc
C  [CoreFoundation+0x80a5c]  __CFRunLoopDoBlocks+0x1b5
C  [CoreFoundation+0x7fdc2]  __CFRunLoopRun+0xa2b
C  [CoreFoundation+0x7ecd0]  CFRunLoopRunSpecific+0x237
C  [HIToolbox+0x77516]  -[IMKInputSessionXPCInvocation invocationAwaitXPCReply]+0x1d6
C  [HIToolbox+0x2674c2]  __49-[IMKInputSession handleEvent:completionHandler:]_block_invoke_2.431+0x610
C  [HIToolbox+0x2669cd]  __49-[IMKInputSession handleEvent:completionHandler:]_block_invoke_2.401+0x1ba
C  [HIToolbox+0x25575a]  -[IMKClient switchedInputMode:completionHandler:]+0x18d
C  [HIToolbox+0x265a10]  -[IMKInputSession tryHandleEventSwitchedInputMode:eventWasHandled:continuationHandler:]+0x6d
C  [HIToolbox+0x2667d8]  __49-[IMKInputSession handleEvent:completionHandler:]_block_invoke.400+0xcb
C  [HIToolbox+0x26661c]  __49-[IMKInputSession handleEvent:completionHandler:]_block_invoke+0x108
C  [HIToolbox+0x271a23]  -[IMKInputSession _eventIsOn:completionHandler:]+0x836
C  [HIToolbox+0x265eca]  -[IMKInputSession handleEvent:completionHandler:]+0x31a
C  [HIToolbox+0x222371]  IMKInputSessionProcessEventRefWithCompletionHandler+0x72
C  [HIToolbox+0x221ab6]  InputMethodInstanceProcessEventRef_WithCompletionHandler+0x7a
C  [HIToolbox+0x212d9b]  __TSMEventToInputMethod_WithCompletionHandler_block_invoke+0x75
C  [HIToolbox+0x216320]  __SendTSMDocumentLockEvent_WithCompletionHandler_block_invoke+0x5f
C  [HIToolbox+0x7baeb]  ___ZL23DispatchEventToHandlersP14EventTargetRecP14OpaqueEventRefP14HandlerCallRec_block_invoke+0x6e
C  [AppKit+0x269849]  -[NSTextInputContext handleTSMEvent:completionHandler:]+0xe52
C  [AppKit+0x268982]  _NSTSMEventHandler+0x12b
C  [HIToolbox+0x9da1]  _ZL23DispatchEventToHandlersP14EventTargetRecP14OpaqueEventRefP14HandlerCallRec+0x552
C  [HIToolbox+0x91c3]  _ZL30SendEventToEventTargetInternalP14OpaqueEventRefP20OpaqueEventTargetRefP14HandlerCallRec+0x14b
C  [HIToolbox+0x906c]  SendEventToEventTargetWithOptions+0x2d
C  [HIToolbox+0x65f26]  SendTSMEvent_WithCompletionHandler+0x17d
C  [HIToolbox+0x212cdf]  TrySendLockEvent_BeforeEventToInputMethod_WithContinuationHandler+0x13b
C  [HIToolbox+0x212b6a]  TSMEventToInputMethod_WithCompletionHandler+0x93
C  [HIToolbox+0x212ab7]  TSMEventToKeyboardInputMethod_WithCompletionHandler+0x78
C  [HIToolbox+0x654aa]  TSMKeyEvent_WithCompletionHandler+0x23f
C  [HIToolbox+0x65250]  __TSMProcessRawKeyEventWithOptionsAndCompletionHandler_block_invoke_4+0xfa
C  [HIToolbox+0x650cf]  __TSMProcessRawKeyEventWithOptionsAndCompletionHandler_block_invoke_3+0x101
C  [HIToolbox+0x64e9b]  __TSMProcessRawKeyEventWithOptionsAndCompletionHandler_block_invoke_2+0x11a
C  [HIToolbox+0x64c4e]  __TSMProcessRawKeyEventWithOptionsAndCompletionHandler_block_invoke+0x112
C  [HIToolbox+0x53a43]  TSMProcessRawKeyEventWithOptionsAndCompletionHandler+0xd79
C  [AppKit+0xa1aa3c]  __84-[NSTextInputContext _handleEvent:options:allowingSyntheticEvent:completionHandler:]_block_invoke_3.811+0x6e
C  [AppKit+0xa1a793]  __204-[NSTextInputContext tryTSMProcessRawKeyEvent_orSubstitution:dispatchCondition:setupForDispatch:furtherCondition:doubleSpaceSubstitutionCondition:doubleSpaceSubstitutionWork:dispatchTSMWork:continuation:]_block_invoke.768+0x78
C  [AppKit+0x26747f]  -[NSTextInputContext tryTSMProcessRawKeyEvent_orSubstitution:dispatchCondition:setupForDispatch:furtherCondition:doubleSpaceSubstitutionCondition:doubleSpaceSubstitutionWork:dispatchTSMWork:continuation:]+0xf5
C  [AppKit+0x266e8b]  -[NSTextInputContext _handleEvent:options:allowingSyntheticEvent:completionHandler:]+0x590
C  [AppKit+0x2668be]  -[NSTextInputContext _handleEvent:allowingSyntheticEvent:]+0x69
C  [AppKit+0x2667b3]  -[NSView interpretKeyEvents:]+0xd1
C  [libawt_lwawt.dylib+0x70f3]  -[AWTView keyDown:]+0x52
C  [AppKit+0x1ca578]  -[NSWindow(NSEventRouting) _reallySendEvent:isDelayedEvent:]+0x1952
C  [AppKit+0x1c8a06]  -[NSWindow(NSEventRouting) sendEvent:]+0x15b
C  [libawt_lwawt.dylib+0xdb79]  -[AWTWindow_Normal sendEvent:]+0x56
C  [AppKit+0x1c7881]  -[NSApplication(NSEvent) sendEvent:]+0xbcd
C  [libosxapp.dylib+0x28d5]  -[NSApplicationAWT sendEvent:]+0x1c1
C  [AppKit+0x49fbe1]  -[NSApplication _handleEvent:]+0x41
C  [AppKit+0x2fc8e]  -[NSApplication run]+0x26f
C  [libosxapp.dylib+0x2543]  +[NSApplicationAWT runAWTLoopWithApp:]+0x107
C  [libawt_lwawt.dylib+0x5da38]  +[AWTStarter starter:headless:]+0x1f0
C  [libosxapp.dylib+0x4059]  +[ThreadUtilities invokeBlockCopy:]+0xf
C  [Foundation+0x80b81]  __NSThreadPerformPerform+0xcc
C  [CoreFoundation+0x8102c]  __CFRUNLOOP_IS_CALLING_OUT_TO_A_SOURCE0_PERFORM_FUNCTION__+0x11
C  [CoreFoundation+0x80f94]  __CFRunLoopDoSource0+0xb4
C  [CoreFoundation+0x80d0a]  __CFRunLoopDoSources0+0xf2
C  [CoreFoundation+0x7f718]  __CFRunLoopRun+0x381
C  [CoreFoundation+0x7ecd0]  CFRunLoopRunSpecific+0x237
C  [libjli.dylib+0x65b5]  CreateExecutionEnvironment+0x18e
C  [libjli.dylib+0x281f]  JLI_Launch+0x523
C  [java+0x12cc]  main+0x16c
C  [libdyld.dylib+0x15f3d]  start+0x1


siginfo: si_signo: 11 (SIGSEGV), si_code: 1 (SEGV_MAPERR), si_addr: 0x0000000000000000

Register to memory mapping:

RAX=0x00007fd6790a86c0 points into unknown readable memory: 0x492825a7ffff0016 | 16 00 ff ff a7 25 28 49
RBX=0x00007fd6790a86c0 points into unknown readable memory: 0x492825a7ffff0016 | 16 00 ff ff a7 25 28 49
RCX=0x0000000000000016 is an unknown value
RDX=0x000000013862ff6a: contextTexturePath.alpha+0x6e2a in /Library/Java/JavaVirtualMachines/jdk-11.0.12.jdk/Contents/Home/lib/libawt_lwawt.dylib at 0x00000001385b2000
RSP=0x000000030c61b640 is pointing into the stack for thread: 0x00007fd69825a800
RBP=0x000000030c61b640 is pointing into the stack for thread: 0x00007fd69825a800
RSI=0x0000000000000003 is an unknown value
RDI=0x0 is NULL
R8 =0x00000000ec2edeab is an unknown value
R9 =0x00007fd6980fe238 points into unknown readable memory: 0x00000000ec2edeab | ab de 2e ec 00 00 00 00
R10=0x00000001387c2ed0: OBJC_METACLASS_$_ThreadUtilities+0 in /Library/Java/JavaVirtualMachines/jdk-11.0.12.jdk/Contents/Home/lib/libosxapp.dylib at 0x00000001387bb000
R11=0x00000001387beee3: +[ThreadUtilities getJNIEnv]+0 in /Library/Java/JavaVirtualMachines/jdk-11.0.12.jdk/Contents/Home/lib/libosxapp.dylib at 0x00000001387bb000
R12=0x00007fd677935c38 points into unknown readable memory: 0x74619739ffff001c | 1c 00 ff ff 39 97 61 74
R13=0x000000013862ff6a: contextTexturePath.alpha+0x6e2a in /Library/Java/JavaVirtualMachines/jdk-11.0.12.jdk/Contents/Home/lib/libawt_lwawt.dylib at 0x00000001385b2000
R14=0x000000013862ff4d: contextTexturePath.alpha+0x6e0d in /Library/Java/JavaVirtualMachines/jdk-11.0.12.jdk/Contents/Home/lib/libawt_lwawt.dylib at 0x00000001385b2000
R15=0x0 is NULL


Registers:
RAX=0x00007fd6790a86c0, RBX=0x00007fd6790a86c0, RCX=0x0000000000000016, RDX=0x000000013862ff6a
RSP=0x000000030c61b640, RBP=0x000000030c61b640, RSI=0x0000000000000003, RDI=0x0000000000000000
R8 =0x00000000ec2edeab, R9 =0x00007fd6980fe238, R10=0x00000001387c2ed0, R11=0x00000001387beee3
R12=0x00007fd677935c38, R13=0x000000013862ff6a, R14=0x000000013862ff4d, R15=0x0000000000000000
RIP=0x0000000110f63094, EFLAGS=0x0000000000000246, ERR=0x0000000000000004
  TRAPNO=0x000000000000000e

Top of Stack: (sp=0x000000030c61b640)
0x000000030c61b640:   000000030c61b650 0000000110f63059
0x000000030c61b650:   000000030c61b670 0000000110f630cb
0x000000030c61b660:   00007fd6790a86c0 00007fd6790a86c0
0x000000030c61b670:   000000030c61b810 0000000110bdb870
0x000000030c61b680:   00000002043754d0 00000002043755d0
0x000000030c61b690:   0000000204375690 00000002043757a0
0x000000030c61b6a0:   0000000204375860 0000000204375950
0x000000030c61b6b0:   0000000204375a10 0000000204375ae0
0x000000030c61b6c0:   00007fd69825a800 0000000004375ce0
0x000000030c61b6d0:   0000000204375dd0 00000002ec2edeab
0x000000030c61b6e0:   0000000204375fd0 00000002043760b0
0x000000030c61b6f0:   00000002043761b0 00000002043762c0
0x000000030c61b700:   00007fd69760cb20 00007fd697610f30
0x000000030c61b710:   00007fd697613a20 00007fd697613bf0
0x000000030c61b720:   00007fd6976195f0 00007fd697620a80
0x000000030c61b730:   00007fd69758d5e0 00007fd69758d770
0x000000030c61b740:   00007fd69764f930 00007fd69764fe20
0x000000030c61b750:   00007fd69764ffb0 00007fd697650120
0x000000030c61b760:   00007fd697650220 00007fd697650300
0x000000030c61b770:   00007fd697650400 00007fd6976504e0
0x000000030c61b780:   00007fd6976505d0 00007fd6976506e0
0x000000030c61b790:   00007fd6976507b0 00007fd697650870
0x000000030c61b7a0:   00007fd697650950 00007fd6976512c0
0x000000030c61b7b0:   08b2d105cd6000d0 00007fd65741bbe0
0x000000030c61b7c0:   0000000000000002 000000030c61bb18
0x000000030c61b7d0:   000000030c61b938 7ffffffffffffffd
0x000000030c61b7e0:   08b2d105cd6000d0 00007fd69825a800
0x000000030c61b7f0:   0000000000000000 00007fd69825ab48
0x000000030c61b800:   000000013862ff6a 000000013862ff4d
0x000000030c61b810:   000000030c61b870 0000000110bdb74d
0x000000030c61b820:   00007fd69825a800 0000000000000000
0x000000030c61b830:   000000030c61bb18 000000030c61baa8 

Instructions: (pc=0x0000000110f63094)
0x0000000110f63074:   5d e9 16 00 00 00 66 0f 1f 44 00 00 55 48 89 e5
0x0000000110f63084:   5d e9 16 00 00 00 66 0f 1f 44 00 00 55 48 89 e5
0x0000000110f63094:   48 8b 07 5d c3 0f 1f 80 00 00 00 00 55 48 89 e5
0x0000000110f630a4:   48 89 f8 5d c3 0f 1f 80 00 00 00 00 55 48 89 e5 

Stack slot to memory mapping:
stack at sp + 0 slots: 0x000000030c61b650 is pointing into the stack for thread: 0x00007fd69825a800
stack at sp + 1 slots: 0x0000000110f63059: _ZN16RawAccessBarrierILy1097844EE8oop_loadIP7oopDescEET_Pv+0x9 in /Library/Java/JavaVirtualMachines/jdk-11.0.12.jdk/Contents/Home/lib/server/libjvm.dylib at 0x0000000110800000
stack at sp + 2 slots: 0x000000030c61b670 is pointing into the stack for thread: 0x00007fd69825a800
stack at sp + 3 slots: 0x0000000110f630cb: _ZN12G1BarrierSet13AccessBarrierILy1097844ES_E20oop_load_not_in_heapIP7oopDescEES4_PT_+0xb in /Library/Java/JavaVirtualMachines/jdk-11.0.12.jdk/Contents/Home/lib/server/libjvm.dylib at 0x0000000110800000
stack at sp + 4 slots: 0x00007fd6790a86c0 points into unknown readable memory: 0x492825a7ffff0016 | 16 00 ff ff a7 25 28 49
stack at sp + 5 slots: 0x00007fd6790a86c0 points into unknown readable memory: 0x492825a7ffff0016 | 16 00 ff ff a7 25 28 49
stack at sp + 6 slots: 0x000000030c61b810 is pointing into the stack for thread: 0x00007fd69825a800
stack at sp + 7 slots: 0x0000000110bdb870: _ZL13get_method_idP7JNIEnv_P7_jclassPKcS4_bP6Thread+0xab in /Library/Java/JavaVirtualMachines/jdk-11.0.12.jdk/Contents/Home/lib/server/libjvm.dylib at 0x0000000110800000


---------------  P R O C E S S  ---------------

Threads class SMR info:
_java_thread_list=0x00007fd697483e90, length=15, elements={
0x00007fd698139000, 0x00007fd69813c000, 0x00007fd69813c800, 0x00007fd69813d800,
0x00007fd69813e800, 0x00007fd69813f800, 0x00007fd698140000, 0x00007fd6981db000,
0x00007fd69825a800, 0x00007fd677a21000, 0x00007fd6982aa000, 0x00007fd69795e800,
0x00007fd69790f800, 0x00007fd6900a8000, 0x00007fd6901ce000
}

Java Threads: ( => current thread )
  0x00007fd698139000 JavaThread "Reference Handler" daemon [_thread_blocked, id=15875, stack(0x000000030cdbb000,0x000000030cebb000)]
  0x00007fd69813c000 JavaThread "Finalizer" daemon [_thread_blocked, id=15107, stack(0x000000030cebe000,0x000000030cfbe000)]
  0x00007fd69813c800 JavaThread "Signal Dispatcher" daemon [_thread_blocked, id=41731, stack(0x000000030d0cf000,0x000000030d1cf000)]
  0x00007fd69813d800 JavaThread "Service Thread" daemon [_thread_blocked, id=23811, stack(0x000000030d1d2000,0x000000030d2d2000)]
  0x00007fd69813e800 JavaThread "C2 CompilerThread0" daemon [_thread_blocked, id=24323, stack(0x000000030d2d5000,0x000000030d3d5000)]
  0x00007fd69813f800 JavaThread "C1 CompilerThread0" daemon [_thread_blocked, id=41219, stack(0x000000030d3d8000,0x000000030d4d8000)]
  0x00007fd698140000 JavaThread "Sweeper thread" daemon [_thread_blocked, id=25859, stack(0x000000030d4db000,0x000000030d5db000)]
  0x00007fd6981db000 JavaThread "Common-Cleaner" daemon [_thread_blocked, id=26883, stack(0x000000030d6e1000,0x000000030d7e1000)]
=>0x00007fd69825a800 JavaThread "AppKit Thread" daemon [_thread_in_vm, id=259, stack(0x000000030be23000,0x000000030c623000)]
  0x00007fd677a21000 JavaThread "AWT-Shutdown" [_thread_blocked, id=44547, stack(0x000000030d7e4000,0x000000030d8e4000)]
  0x00007fd6982aa000 JavaThread "Java2D Queue Flusher" daemon [_thread_blocked, id=75271, stack(0x000000030dc12000,0x000000030dd12000)]
  0x00007fd69795e800 JavaThread "Java2D Disposer" daemon [_thread_blocked, id=70403, stack(0x000000030dd15000,0x000000030de15000)]
  0x00007fd69790f800 JavaThread "AWT-EventQueue-0" [_thread_blocked, id=69379, stack(0x000000030de18000,0x000000030df18000)]
  0x00007fd6900a8000 JavaThread "Thread-0" [_thread_blocked, id=90143, stack(0x000000030df1b000,0x000000030e01b000)]
  0x00007fd6901ce000 JavaThread "DestroyJavaVM" [_thread_blocked, id=7171, stack(0x000000030c6a6000,0x000000030c7a6000)]

Other Threads:
  0x00007fd698138000 VMThread "VM Thread" [stack: 0x000000030ccb8000,0x000000030cdb8000] [id=14083]
  0x00007fd6980ea800 WatcherThread [stack: 0x000000030d5de000,0x000000030d6de000] [id=26683]
  0x00007fd697818000 GCTaskThread "GC Thread#0" [stack: 0x000000030c7a9000,0x000000030c8a9000] [id=12547]
  0x00007fd69803e000 ConcurrentGCThread "G1 Main Marker" [stack: 0x000000030c8ac000,0x000000030c9ac000] [id=13059]
  0x00007fd697826000 ConcurrentGCThread "G1 Conc#0" [stack: 0x000000030c9af000,0x000000030caaf000] [id=18691]
  0x00007fd6980de800 ConcurrentGCThread "G1 Refine#0" [stack: 0x000000030cab2000,0x000000030cbb2000] [id=18179]
  0x00007fd6980df800 ConcurrentGCThread "G1 Young RemSet Sampling" [stack: 0x000000030cbb5000,0x000000030ccb5000] [id=17923]

Threads with active compile tasks:

VM state:not at safepoint (normal execution)

VM Mutex/Monitor currently owned by a thread: None

Heap address: 0x0000000700000000, size: 4096 MB, Compressed Oops mode: Zero based, Oop shift amount: 3
Narrow klass base: 0x0000000800000000, Narrow klass shift: 0
Compressed class space size: 1073741824 Address: 0x0000000800000000

Heap:
 garbage-first heap   total 262144K, used 8192K [0x0000000700000000, 0x0000000800000000)
  region size 1024K, 9 young (9216K), 0 survivors (0K)
 Metaspace       used 12608K, capacity 12965K, committed 13184K, reserved 1060864K
  class space    used 1348K, capacity 1546K, committed 1664K, reserved 1048576K
Heap Regions: E=young(eden), S=young(survivor), O=old, HS=humongous(starts), HC=humongous(continues), CS=collection set, F=free, A=archive, TAMS=top-at-mark-start (previous, next)
|   0|0x0000000700000000, 0x0000000700000000, 0x0000000700100000|  0%| F|  |TAMS 0x0000000700000000, 0x0000000700000000| Untracked 
|   1|0x0000000700100000, 0x0000000700100000, 0x0000000700200000|  0%| F|  |TAMS 0x0000000700100000, 0x0000000700100000| Untracked 
|   2|0x0000000700200000, 0x0000000700200000, 0x0000000700300000|  0%| F|  |TAMS 0x0000000700200000, 0x0000000700200000| Untracked 
|   3|0x0000000700300000, 0x0000000700300000, 0x0000000700400000|  0%| F|  |TAMS 0x0000000700300000, 0x0000000700300000| Untracked 
|   4|0x0000000700400000, 0x0000000700400000, 0x0000000700500000|  0%| F|  |TAMS 0x0000000700400000, 0x0000000700400000| Untracked 
|   5|0x0000000700500000, 0x0000000700500000, 0x0000000700600000|  0%| F|  |TAMS 0x0000000700500000, 0x0000000700500000| Untracked 
|   6|0x0000000700600000, 0x0000000700600000, 0x0000000700700000|  0%| F|  |TAMS 0x0000000700600000, 0x0000000700600000| Untracked 
|   7|0x0000000700700000, 0x0000000700700000, 0x0000000700800000|  0%| F|  |TAMS 0x0000000700700000, 0x0000000700700000| Untracked 
|   8|0x0000000700800000, 0x0000000700800000, 0x0000000700900000|  0%| F|  |TAMS 0x0000000700800000, 0x0000000700800000| Untracked 
|   9|0x0000000700900000, 0x0000000700900000, 0x0000000700a00000|  0%| F|  |TAMS 0x0000000700900000, 0x0000000700900000| Untracked 
|  10|0x0000000700a00000, 0x0000000700a00000, 0x0000000700b00000|  0%| F|  |TAMS 0x0000000700a00000, 0x0000000700a00000| Untracked 
|  11|0x0000000700b00000, 0x0000000700b00000, 0x0000000700c00000|  0%| F|  |TAMS 0x0000000700b00000, 0x0000000700b00000| Untracked 
|  12|0x0000000700c00000, 0x0000000700c00000, 0x0000000700d00000|  0%| F|  |TAMS 0x0000000700c00000, 0x0000000700c00000| Untracked 
|  13|0x0000000700d00000, 0x0000000700d00000, 0x0000000700e00000|  0%| F|  |TAMS 0x0000000700d00000, 0x0000000700d00000| Untracked 
|  14|0x0000000700e00000, 0x0000000700e00000, 0x0000000700f00000|  0%| F|  |TAMS 0x0000000700e00000, 0x0000000700e00000| Untracked 
|  15|0x0000000700f00000, 0x0000000700f00000, 0x0000000701000000|  0%| F|  |TAMS 0x0000000700f00000, 0x0000000700f00000| Untracked 
|  16|0x0000000701000000, 0x0000000701000000, 0x0000000701100000|  0%| F|  |TAMS 0x0000000701000000, 0x0000000701000000| Untracked 
|  17|0x0000000701100000, 0x0000000701100000, 0x0000000701200000|  0%| F|  |TAMS 0x0000000701100000, 0x0000000701100000| Untracked 
|  18|0x0000000701200000, 0x0000000701200000, 0x0000000701300000|  0%| F|  |TAMS 0x0000000701200000, 0x0000000701200000| Untracked 
|  19|0x0000000701300000, 0x0000000701300000, 0x0000000701400000|  0%| F|  |TAMS 0x0000000701300000, 0x0000000701300000| Untracked 
|  20|0x0000000701400000, 0x0000000701400000, 0x0000000701500000|  0%| F|  |TAMS 0x0000000701400000, 0x0000000701400000| Untracked 
|  21|0x0000000701500000, 0x0000000701500000, 0x0000000701600000|  0%| F|  |TAMS 0x0000000701500000, 0x0000000701500000| Untracked 
|  22|0x0000000701600000, 0x0000000701600000, 0x0000000701700000|  0%| F|  |TAMS 0x0000000701600000, 0x0000000701600000| Untracked 
|  23|0x0000000701700000, 0x0000000701700000, 0x0000000701800000|  0%| F|  |TAMS 0x0000000701700000, 0x0000000701700000| Untracked 
|  24|0x0000000701800000, 0x0000000701800000, 0x0000000701900000|  0%| F|  |TAMS 0x0000000701800000, 0x0000000701800000| Untracked 
|  25|0x0000000701900000, 0x0000000701900000, 0x0000000701a00000|  0%| F|  |TAMS 0x0000000701900000, 0x0000000701900000| Untracked 
|  26|0x0000000701a00000, 0x0000000701a00000, 0x0000000701b00000|  0%| F|  |TAMS 0x0000000701a00000, 0x0000000701a00000| Untracked 
|  27|0x0000000701b00000, 0x0000000701b00000, 0x0000000701c00000|  0%| F|  |TAMS 0x0000000701b00000, 0x0000000701b00000| Untracked 
|  28|0x0000000701c00000, 0x0000000701c00000, 0x0000000701d00000|  0%| F|  |TAMS 0x0000000701c00000, 0x0000000701c00000| Untracked 
|  29|0x0000000701d00000, 0x0000000701d00000, 0x0000000701e00000|  0%| F|  |TAMS 0x0000000701d00000, 0x0000000701d00000| Untracked 
|  30|0x0000000701e00000, 0x0000000701e00000, 0x0000000701f00000|  0%| F|  |TAMS 0x0000000701e00000, 0x0000000701e00000| Untracked 
|  31|0x0000000701f00000, 0x0000000701f00000, 0x0000000702000000|  0%| F|  |TAMS 0x0000000701f00000, 0x0000000701f00000| Untracked 
|  32|0x0000000702000000, 0x0000000702000000, 0x0000000702100000|  0%| F|  |TAMS 0x0000000702000000, 0x0000000702000000| Untracked 
|  33|0x0000000702100000, 0x0000000702100000, 0x0000000702200000|  0%| F|  |TAMS 0x0000000702100000, 0x0000000702100000| Untracked 
|  34|0x0000000702200000, 0x0000000702200000, 0x0000000702300000|  0%| F|  |TAMS 0x0000000702200000, 0x0000000702200000| Untracked 
|  35|0x0000000702300000, 0x0000000702300000, 0x0000000702400000|  0%| F|  |TAMS 0x0000000702300000, 0x0000000702300000| Untracked 
|  36|0x0000000702400000, 0x0000000702400000, 0x0000000702500000|  0%| F|  |TAMS 0x0000000702400000, 0x0000000702400000| Untracked 
|  37|0x0000000702500000, 0x0000000702500000, 0x0000000702600000|  0%| F|  |TAMS 0x0000000702500000, 0x0000000702500000| Untracked 
|  38|0x0000000702600000, 0x0000000702600000, 0x0000000702700000|  0%| F|  |TAMS 0x0000000702600000, 0x0000000702600000| Untracked 
|  39|0x0000000702700000, 0x0000000702700000, 0x0000000702800000|  0%| F|  |TAMS 0x0000000702700000, 0x0000000702700000| Untracked 
|  40|0x0000000702800000, 0x0000000702800000, 0x0000000702900000|  0%| F|  |TAMS 0x0000000702800000, 0x0000000702800000| Untracked 
|  41|0x0000000702900000, 0x0000000702900000, 0x0000000702a00000|  0%| F|  |TAMS 0x0000000702900000, 0x0000000702900000| Untracked 
|  42|0x0000000702a00000, 0x0000000702a00000, 0x0000000702b00000|  0%| F|  |TAMS 0x0000000702a00000, 0x0000000702a00000| Untracked 
|  43|0x0000000702b00000, 0x0000000702b00000, 0x0000000702c00000|  0%| F|  |TAMS 0x0000000702b00000, 0x0000000702b00000| Untracked 
|  44|0x0000000702c00000, 0x0000000702c00000, 0x0000000702d00000|  0%| F|  |TAMS 0x0000000702c00000, 0x0000000702c00000| Untracked 
|  45|0x0000000702d00000, 0x0000000702d00000, 0x0000000702e00000|  0%| F|  |TAMS 0x0000000702d00000, 0x0000000702d00000| Untracked 
|  46|0x0000000702e00000, 0x0000000702e00000, 0x0000000702f00000|  0%| F|  |TAMS 0x0000000702e00000, 0x0000000702e00000| Untracked 
|  47|0x0000000702f00000, 0x0000000702f00000, 0x0000000703000000|  0%| F|  |TAMS 0x0000000702f00000, 0x0000000702f00000| Untracked 
|  48|0x0000000703000000, 0x0000000703000000, 0x0000000703100000|  0%| F|  |TAMS 0x0000000703000000, 0x0000000703000000| Untracked 
|  49|0x0000000703100000, 0x0000000703100000, 0x0000000703200000|  0%| F|  |TAMS 0x0000000703100000, 0x0000000703100000| Untracked 
|  50|0x0000000703200000, 0x0000000703200000, 0x0000000703300000|  0%| F|  |TAMS 0x0000000703200000, 0x0000000703200000| Untracked 
|  51|0x0000000703300000, 0x0000000703300000, 0x0000000703400000|  0%| F|  |TAMS 0x0000000703300000, 0x0000000703300000| Untracked 
|  52|0x0000000703400000, 0x0000000703400000, 0x0000000703500000|  0%| F|  |TAMS 0x0000000703400000, 0x0000000703400000| Untracked 
|  53|0x0000000703500000, 0x0000000703500000, 0x0000000703600000|  0%| F|  |TAMS 0x0000000703500000, 0x0000000703500000| Untracked 
|  54|0x0000000703600000, 0x0000000703600000, 0x0000000703700000|  0%| F|  |TAMS 0x0000000703600000, 0x0000000703600000| Untracked 
|  55|0x0000000703700000, 0x0000000703700000, 0x0000000703800000|  0%| F|  |TAMS 0x0000000703700000, 0x0000000703700000| Untracked 
|  56|0x0000000703800000, 0x0000000703800000, 0x0000000703900000|  0%| F|  |TAMS 0x0000000703800000, 0x0000000703800000| Untracked 
|  57|0x0000000703900000, 0x0000000703900000, 0x0000000703a00000|  0%| F|  |TAMS 0x0000000703900000, 0x0000000703900000| Untracked 
|  58|0x0000000703a00000, 0x0000000703a00000, 0x0000000703b00000|  0%| F|  |TAMS 0x0000000703a00000, 0x0000000703a00000| Untracked 
|  59|0x0000000703b00000, 0x0000000703b00000, 0x0000000703c00000|  0%| F|  |TAMS 0x0000000703b00000, 0x0000000703b00000| Untracked 
|  60|0x0000000703c00000, 0x0000000703c00000, 0x0000000703d00000|  0%| F|  |TAMS 0x0000000703c00000, 0x0000000703c00000| Untracked 
|  61|0x0000000703d00000, 0x0000000703d00000, 0x0000000703e00000|  0%| F|  |TAMS 0x0000000703d00000, 0x0000000703d00000| Untracked 
|  62|0x0000000703e00000, 0x0000000703e00000, 0x0000000703f00000|  0%| F|  |TAMS 0x0000000703e00000, 0x0000000703e00000| Untracked 
|  63|0x0000000703f00000, 0x0000000703f00000, 0x0000000704000000|  0%| F|  |TAMS 0x0000000703f00000, 0x0000000703f00000| Untracked 
|  64|0x0000000704000000, 0x0000000704000000, 0x0000000704100000|  0%| F|  |TAMS 0x0000000704000000, 0x0000000704000000| Untracked 
|  65|0x0000000704100000, 0x0000000704100000, 0x0000000704200000|  0%| F|  |TAMS 0x0000000704100000, 0x0000000704100000| Untracked 
|  66|0x0000000704200000, 0x0000000704200000, 0x0000000704300000|  0%| F|  |TAMS 0x0000000704200000, 0x0000000704200000| Untracked 
|  67|0x0000000704300000, 0x0000000704300000, 0x0000000704400000|  0%| F|  |TAMS 0x0000000704300000, 0x0000000704300000| Untracked 
|  68|0x0000000704400000, 0x0000000704400000, 0x0000000704500000|  0%| F|  |TAMS 0x0000000704400000, 0x0000000704400000| Untracked 
|  69|0x0000000704500000, 0x0000000704500000, 0x0000000704600000|  0%| F|  |TAMS 0x0000000704500000, 0x0000000704500000| Untracked 
|  70|0x0000000704600000, 0x0000000704600000, 0x0000000704700000|  0%| F|  |TAMS 0x0000000704600000, 0x0000000704600000| Untracked 
|  71|0x0000000704700000, 0x0000000704700000, 0x0000000704800000|  0%| F|  |TAMS 0x0000000704700000, 0x0000000704700000| Untracked 
|  72|0x0000000704800000, 0x0000000704800000, 0x0000000704900000|  0%| F|  |TAMS 0x0000000704800000, 0x0000000704800000| Untracked 
|  73|0x0000000704900000, 0x0000000704900000, 0x0000000704a00000|  0%| F|  |TAMS 0x0000000704900000, 0x0000000704900000| Untracked 
|  74|0x0000000704a00000, 0x0000000704a00000, 0x0000000704b00000|  0%| F|  |TAMS 0x0000000704a00000, 0x0000000704a00000| Untracked 
|  75|0x0000000704b00000, 0x0000000704b00000, 0x0000000704c00000|  0%| F|  |TAMS 0x0000000704b00000, 0x0000000704b00000| Untracked 
|  76|0x0000000704c00000, 0x0000000704c00000, 0x0000000704d00000|  0%| F|  |TAMS 0x0000000704c00000, 0x0000000704c00000| Untracked 
|  77|0x0000000704d00000, 0x0000000704d00000, 0x0000000704e00000|  0%| F|  |TAMS 0x0000000704d00000, 0x0000000704d00000| Untracked 
|  78|0x0000000704e00000, 0x0000000704e00000, 0x0000000704f00000|  0%| F|  |TAMS 0x0000000704e00000, 0x0000000704e00000| Untracked 
|  79|0x0000000704f00000, 0x0000000704f00000, 0x0000000705000000|  0%| F|  |TAMS 0x0000000704f00000, 0x0000000704f00000| Untracked 
|  80|0x0000000705000000, 0x0000000705000000, 0x0000000705100000|  0%| F|  |TAMS 0x0000000705000000, 0x0000000705000000| Untracked 
|  81|0x0000000705100000, 0x0000000705100000, 0x0000000705200000|  0%| F|  |TAMS 0x0000000705100000, 0x0000000705100000| Untracked 
|  82|0x0000000705200000, 0x0000000705200000, 0x0000000705300000|  0%| F|  |TAMS 0x0000000705200000, 0x0000000705200000| Untracked 
|  83|0x0000000705300000, 0x0000000705300000, 0x0000000705400000|  0%| F|  |TAMS 0x0000000705300000, 0x0000000705300000| Untracked 
|  84|0x0000000705400000, 0x0000000705400000, 0x0000000705500000|  0%| F|  |TAMS 0x0000000705400000, 0x0000000705400000| Untracked 
|  85|0x0000000705500000, 0x0000000705500000, 0x0000000705600000|  0%| F|  |TAMS 0x0000000705500000, 0x0000000705500000| Untracked 
|  86|0x0000000705600000, 0x0000000705600000, 0x0000000705700000|  0%| F|  |TAMS 0x0000000705600000, 0x0000000705600000| Untracked 
|  87|0x0000000705700000, 0x0000000705700000, 0x0000000705800000|  0%| F|  |TAMS 0x0000000705700000, 0x0000000705700000| Untracked 
|  88|0x0000000705800000, 0x0000000705800000, 0x0000000705900000|  0%| F|  |TAMS 0x0000000705800000, 0x0000000705800000| Untracked 
|  89|0x0000000705900000, 0x0000000705900000, 0x0000000705a00000|  0%| F|  |TAMS 0x0000000705900000, 0x0000000705900000| Untracked 
|  90|0x0000000705a00000, 0x0000000705a00000, 0x0000000705b00000|  0%| F|  |TAMS 0x0000000705a00000, 0x0000000705a00000| Untracked 
|  91|0x0000000705b00000, 0x0000000705b00000, 0x0000000705c00000|  0%| F|  |TAMS 0x0000000705b00000, 0x0000000705b00000| Untracked 
|  92|0x0000000705c00000, 0x0000000705c00000, 0x0000000705d00000|  0%| F|  |TAMS 0x0000000705c00000, 0x0000000705c00000| Untracked 
|  93|0x0000000705d00000, 0x0000000705d00000, 0x0000000705e00000|  0%| F|  |TAMS 0x0000000705d00000, 0x0000000705d00000| Untracked 
|  94|0x0000000705e00000, 0x0000000705e00000, 0x0000000705f00000|  0%| F|  |TAMS 0x0000000705e00000, 0x0000000705e00000| Untracked 
|  95|0x0000000705f00000, 0x0000000705f00000, 0x0000000706000000|  0%| F|  |TAMS 0x0000000705f00000, 0x0000000705f00000| Untracked 
|  96|0x0000000706000000, 0x0000000706000000, 0x0000000706100000|  0%| F|  |TAMS 0x0000000706000000, 0x0000000706000000| Untracked 
|  97|0x0000000706100000, 0x0000000706100000, 0x0000000706200000|  0%| F|  |TAMS 0x0000000706100000, 0x0000000706100000| Untracked 
|  98|0x0000000706200000, 0x0000000706200000, 0x0000000706300000|  0%| F|  |TAMS 0x0000000706200000, 0x0000000706200000| Untracked 
|  99|0x0000000706300000, 0x0000000706300000, 0x0000000706400000|  0%| F|  |TAMS 0x0000000706300000, 0x0000000706300000| Untracked 
| 100|0x0000000706400000, 0x0000000706400000, 0x0000000706500000|  0%| F|  |TAMS 0x0000000706400000, 0x0000000706400000| Untracked 
| 101|0x0000000706500000, 0x0000000706500000, 0x0000000706600000|  0%| F|  |TAMS 0x0000000706500000, 0x0000000706500000| Untracked 
| 102|0x0000000706600000, 0x0000000706600000, 0x0000000706700000|  0%| F|  |TAMS 0x0000000706600000, 0x0000000706600000| Untracked 
| 103|0x0000000706700000, 0x0000000706700000, 0x0000000706800000|  0%| F|  |TAMS 0x0000000706700000, 0x0000000706700000| Untracked 
| 104|0x0000000706800000, 0x0000000706800000, 0x0000000706900000|  0%| F|  |TAMS 0x0000000706800000, 0x0000000706800000| Untracked 
| 105|0x0000000706900000, 0x0000000706900000, 0x0000000706a00000|  0%| F|  |TAMS 0x0000000706900000, 0x0000000706900000| Untracked 
| 106|0x0000000706a00000, 0x0000000706a00000, 0x0000000706b00000|  0%| F|  |TAMS 0x0000000706a00000, 0x0000000706a00000| Untracked 
| 107|0x0000000706b00000, 0x0000000706b00000, 0x0000000706c00000|  0%| F|  |TAMS 0x0000000706b00000, 0x0000000706b00000| Untracked 
| 108|0x0000000706c00000, 0x0000000706c00000, 0x0000000706d00000|  0%| F|  |TAMS 0x0000000706c00000, 0x0000000706c00000| Untracked 
| 109|0x0000000706d00000, 0x0000000706d00000, 0x0000000706e00000|  0%| F|  |TAMS 0x0000000706d00000, 0x0000000706d00000| Untracked 
| 110|0x0000000706e00000, 0x0000000706e00000, 0x0000000706f00000|  0%| F|  |TAMS 0x0000000706e00000, 0x0000000706e00000| Untracked 
| 111|0x0000000706f00000, 0x0000000706f00000, 0x0000000707000000|  0%| F|  |TAMS 0x0000000706f00000, 0x0000000706f00000| Untracked 
| 112|0x0000000707000000, 0x0000000707000000, 0x0000000707100000|  0%| F|  |TAMS 0x0000000707000000, 0x0000000707000000| Untracked 
| 113|0x0000000707100000, 0x0000000707100000, 0x0000000707200000|  0%| F|  |TAMS 0x0000000707100000, 0x0000000707100000| Untracked 
| 114|0x0000000707200000, 0x0000000707200000, 0x0000000707300000|  0%| F|  |TAMS 0x0000000707200000, 0x0000000707200000| Untracked 
| 115|0x0000000707300000, 0x0000000707300000, 0x0000000707400000|  0%| F|  |TAMS 0x0000000707300000, 0x0000000707300000| Untracked 
| 116|0x0000000707400000, 0x0000000707400000, 0x0000000707500000|  0%| F|  |TAMS 0x0000000707400000, 0x0000000707400000| Untracked 
| 117|0x0000000707500000, 0x0000000707500000, 0x0000000707600000|  0%| F|  |TAMS 0x0000000707500000, 0x0000000707500000| Untracked 
| 118|0x0000000707600000, 0x0000000707600000, 0x0000000707700000|  0%| F|  |TAMS 0x0000000707600000, 0x0000000707600000| Untracked 
| 119|0x0000000707700000, 0x0000000707700000, 0x0000000707800000|  0%| F|  |TAMS 0x0000000707700000, 0x0000000707700000| Untracked 
| 120|0x0000000707800000, 0x0000000707800000, 0x0000000707900000|  0%| F|  |TAMS 0x0000000707800000, 0x0000000707800000| Untracked 
| 121|0x0000000707900000, 0x0000000707900000, 0x0000000707a00000|  0%| F|  |TAMS 0x0000000707900000, 0x0000000707900000| Untracked 
| 122|0x0000000707a00000, 0x0000000707a00000, 0x0000000707b00000|  0%| F|  |TAMS 0x0000000707a00000, 0x0000000707a00000| Untracked 
| 123|0x0000000707b00000, 0x0000000707b00000, 0x0000000707c00000|  0%| F|  |TAMS 0x0000000707b00000, 0x0000000707b00000| Untracked 
| 124|0x0000000707c00000, 0x0000000707c00000, 0x0000000707d00000|  0%| F|  |TAMS 0x0000000707c00000, 0x0000000707c00000| Untracked 
| 125|0x0000000707d00000, 0x0000000707d00000, 0x0000000707e00000|  0%| F|  |TAMS 0x0000000707d00000, 0x0000000707d00000| Untracked 
| 126|0x0000000707e00000, 0x0000000707e00000, 0x0000000707f00000|  0%| F|  |TAMS 0x0000000707e00000, 0x0000000707e00000| Untracked 
| 127|0x0000000707f00000, 0x0000000707f00000, 0x0000000708000000|  0%| F|  |TAMS 0x0000000707f00000, 0x0000000707f00000| Untracked 
| 128|0x0000000708000000, 0x0000000708000000, 0x0000000708100000|  0%| F|  |TAMS 0x0000000708000000, 0x0000000708000000| Untracked 
| 129|0x0000000708100000, 0x0000000708100000, 0x0000000708200000|  0%| F|  |TAMS 0x0000000708100000, 0x0000000708100000| Untracked 
| 130|0x0000000708200000, 0x0000000708200000, 0x0000000708300000|  0%| F|  |TAMS 0x0000000708200000, 0x0000000708200000| Untracked 
| 131|0x0000000708300000, 0x0000000708300000, 0x0000000708400000|  0%| F|  |TAMS 0x0000000708300000, 0x0000000708300000| Untracked 
| 132|0x0000000708400000, 0x0000000708400000, 0x0000000708500000|  0%| F|  |TAMS 0x0000000708400000, 0x0000000708400000| Untracked 
| 133|0x0000000708500000, 0x0000000708500000, 0x0000000708600000|  0%| F|  |TAMS 0x0000000708500000, 0x0000000708500000| Untracked 
| 134|0x0000000708600000, 0x0000000708600000, 0x0000000708700000|  0%| F|  |TAMS 0x0000000708600000, 0x0000000708600000| Untracked 
| 135|0x0000000708700000, 0x0000000708700000, 0x0000000708800000|  0%| F|  |TAMS 0x0000000708700000, 0x0000000708700000| Untracked 
| 136|0x0000000708800000, 0x0000000708800000, 0x0000000708900000|  0%| F|  |TAMS 0x0000000708800000, 0x0000000708800000| Untracked 
| 137|0x0000000708900000, 0x0000000708900000, 0x0000000708a00000|  0%| F|  |TAMS 0x0000000708900000, 0x0000000708900000| Untracked 
| 138|0x0000000708a00000, 0x0000000708a00000, 0x0000000708b00000|  0%| F|  |TAMS 0x0000000708a00000, 0x0000000708a00000| Untracked 
| 139|0x0000000708b00000, 0x0000000708b00000, 0x0000000708c00000|  0%| F|  |TAMS 0x0000000708b00000, 0x0000000708b00000| Untracked 
| 140|0x0000000708c00000, 0x0000000708c00000, 0x0000000708d00000|  0%| F|  |TAMS 0x0000000708c00000, 0x0000000708c00000| Untracked 
| 141|0x0000000708d00000, 0x0000000708d00000, 0x0000000708e00000|  0%| F|  |TAMS 0x0000000708d00000, 0x0000000708d00000| Untracked 
| 142|0x0000000708e00000, 0x0000000708e00000, 0x0000000708f00000|  0%| F|  |TAMS 0x0000000708e00000, 0x0000000708e00000| Untracked 
| 143|0x0000000708f00000, 0x0000000708f00000, 0x0000000709000000|  0%| F|  |TAMS 0x0000000708f00000, 0x0000000708f00000| Untracked 
| 144|0x0000000709000000, 0x0000000709000000, 0x0000000709100000|  0%| F|  |TAMS 0x0000000709000000, 0x0000000709000000| Untracked 
| 145|0x0000000709100000, 0x0000000709100000, 0x0000000709200000|  0%| F|  |TAMS 0x0000000709100000, 0x0000000709100000| Untracked 
| 146|0x0000000709200000, 0x0000000709200000, 0x0000000709300000|  0%| F|  |TAMS 0x0000000709200000, 0x0000000709200000| Untracked 
| 147|0x0000000709300000, 0x0000000709300000, 0x0000000709400000|  0%| F|  |TAMS 0x0000000709300000, 0x0000000709300000| Untracked 
| 148|0x0000000709400000, 0x0000000709400000, 0x0000000709500000|  0%| F|  |TAMS 0x0000000709400000, 0x0000000709400000| Untracked 
| 149|0x0000000709500000, 0x0000000709500000, 0x0000000709600000|  0%| F|  |TAMS 0x0000000709500000, 0x0000000709500000| Untracked 
| 150|0x0000000709600000, 0x0000000709600000, 0x0000000709700000|  0%| F|  |TAMS 0x0000000709600000, 0x0000000709600000| Untracked 
| 151|0x0000000709700000, 0x0000000709700000, 0x0000000709800000|  0%| F|  |TAMS 0x0000000709700000, 0x0000000709700000| Untracked 
| 152|0x0000000709800000, 0x0000000709800000, 0x0000000709900000|  0%| F|  |TAMS 0x0000000709800000, 0x0000000709800000| Untracked 
| 153|0x0000000709900000, 0x0000000709900000, 0x0000000709a00000|  0%| F|  |TAMS 0x0000000709900000, 0x0000000709900000| Untracked 
| 154|0x0000000709a00000, 0x0000000709a00000, 0x0000000709b00000|  0%| F|  |TAMS 0x0000000709a00000, 0x0000000709a00000| Untracked 
| 155|0x0000000709b00000, 0x0000000709b00000, 0x0000000709c00000|  0%| F|  |TAMS 0x0000000709b00000, 0x0000000709b00000| Untracked 
| 156|0x0000000709c00000, 0x0000000709c00000, 0x0000000709d00000|  0%| F|  |TAMS 0x0000000709c00000, 0x0000000709c00000| Untracked 
| 157|0x0000000709d00000, 0x0000000709d00000, 0x0000000709e00000|  0%| F|  |TAMS 0x0000000709d00000, 0x0000000709d00000| Untracked 
| 158|0x0000000709e00000, 0x0000000709e00000, 0x0000000709f00000|  0%| F|  |TAMS 0x0000000709e00000, 0x0000000709e00000| Untracked 
| 159|0x0000000709f00000, 0x0000000709f00000, 0x000000070a000000|  0%| F|  |TAMS 0x0000000709f00000, 0x0000000709f00000| Untracked 
| 160|0x000000070a000000, 0x000000070a000000, 0x000000070a100000|  0%| F|  |TAMS 0x000000070a000000, 0x000000070a000000| Untracked 
| 161|0x000000070a100000, 0x000000070a100000, 0x000000070a200000|  0%| F|  |TAMS 0x000000070a100000, 0x000000070a100000| Untracked 
| 162|0x000000070a200000, 0x000000070a200000, 0x000000070a300000|  0%| F|  |TAMS 0x000000070a200000, 0x000000070a200000| Untracked 
| 163|0x000000070a300000, 0x000000070a300000, 0x000000070a400000|  0%| F|  |TAMS 0x000000070a300000, 0x000000070a300000| Untracked 
| 164|0x000000070a400000, 0x000000070a400000, 0x000000070a500000|  0%| F|  |TAMS 0x000000070a400000, 0x000000070a400000| Untracked 
| 165|0x000000070a500000, 0x000000070a500000, 0x000000070a600000|  0%| F|  |TAMS 0x000000070a500000, 0x000000070a500000| Untracked 
| 166|0x000000070a600000, 0x000000070a600000, 0x000000070a700000|  0%| F|  |TAMS 0x000000070a600000, 0x000000070a600000| Untracked 
| 167|0x000000070a700000, 0x000000070a700000, 0x000000070a800000|  0%| F|  |TAMS 0x000000070a700000, 0x000000070a700000| Untracked 
| 168|0x000000070a800000, 0x000000070a800000, 0x000000070a900000|  0%| F|  |TAMS 0x000000070a800000, 0x000000070a800000| Untracked 
| 169|0x000000070a900000, 0x000000070a900000, 0x000000070aa00000|  0%| F|  |TAMS 0x000000070a900000, 0x000000070a900000| Untracked 
| 170|0x000000070aa00000, 0x000000070aa00000, 0x000000070ab00000|  0%| F|  |TAMS 0x000000070aa00000, 0x000000070aa00000| Untracked 
| 171|0x000000070ab00000, 0x000000070ab00000, 0x000000070ac00000|  0%| F|  |TAMS 0x000000070ab00000, 0x000000070ab00000| Untracked 
| 172|0x000000070ac00000, 0x000000070ac00000, 0x000000070ad00000|  0%| F|  |TAMS 0x000000070ac00000, 0x000000070ac00000| Untracked 
| 173|0x000000070ad00000, 0x000000070ad00000, 0x000000070ae00000|  0%| F|  |TAMS 0x000000070ad00000, 0x000000070ad00000| Untracked 
| 174|0x000000070ae00000, 0x000000070ae00000, 0x000000070af00000|  0%| F|  |TAMS 0x000000070ae00000, 0x000000070ae00000| Untracked 
| 175|0x000000070af00000, 0x000000070af00000, 0x000000070b000000|  0%| F|  |TAMS 0x000000070af00000, 0x000000070af00000| Untracked 
| 176|0x000000070b000000, 0x000000070b000000, 0x000000070b100000|  0%| F|  |TAMS 0x000000070b000000, 0x000000070b000000| Untracked 
| 177|0x000000070b100000, 0x000000070b100000, 0x000000070b200000|  0%| F|  |TAMS 0x000000070b100000, 0x000000070b100000| Untracked 
| 178|0x000000070b200000, 0x000000070b200000, 0x000000070b300000|  0%| F|  |TAMS 0x000000070b200000, 0x000000070b200000| Untracked 
| 179|0x000000070b300000, 0x000000070b300000, 0x000000070b400000|  0%| F|  |TAMS 0x000000070b300000, 0x000000070b300000| Untracked 
| 180|0x000000070b400000, 0x000000070b400000, 0x000000070b500000|  0%| F|  |TAMS 0x000000070b400000, 0x000000070b400000| Untracked 
| 181|0x000000070b500000, 0x000000070b500000, 0x000000070b600000|  0%| F|  |TAMS 0x000000070b500000, 0x000000070b500000| Untracked 
| 182|0x000000070b600000, 0x000000070b600000, 0x000000070b700000|  0%| F|  |TAMS 0x000000070b600000, 0x000000070b600000| Untracked 
| 183|0x000000070b700000, 0x000000070b700000, 0x000000070b800000|  0%| F|  |TAMS 0x000000070b700000, 0x000000070b700000| Untracked 
| 184|0x000000070b800000, 0x000000070b800000, 0x000000070b900000|  0%| F|  |TAMS 0x000000070b800000, 0x000000070b800000| Untracked 
| 185|0x000000070b900000, 0x000000070b900000, 0x000000070ba00000|  0%| F|  |TAMS 0x000000070b900000, 0x000000070b900000| Untracked 
| 186|0x000000070ba00000, 0x000000070ba00000, 0x000000070bb00000|  0%| F|  |TAMS 0x000000070ba00000, 0x000000070ba00000| Untracked 
| 187|0x000000070bb00000, 0x000000070bb00000, 0x000000070bc00000|  0%| F|  |TAMS 0x000000070bb00000, 0x000000070bb00000| Untracked 
| 188|0x000000070bc00000, 0x000000070bc00000, 0x000000070bd00000|  0%| F|  |TAMS 0x000000070bc00000, 0x000000070bc00000| Untracked 
| 189|0x000000070bd00000, 0x000000070bd00000, 0x000000070be00000|  0%| F|  |TAMS 0x000000070bd00000, 0x000000070bd00000| Untracked 
| 190|0x000000070be00000, 0x000000070be00000, 0x000000070bf00000|  0%| F|  |TAMS 0x000000070be00000, 0x000000070be00000| Untracked 
| 191|0x000000070bf00000, 0x000000070bf00000, 0x000000070c000000|  0%| F|  |TAMS 0x000000070bf00000, 0x000000070bf00000| Untracked 
| 192|0x000000070c000000, 0x000000070c000000, 0x000000070c100000|  0%| F|  |TAMS 0x000000070c000000, 0x000000070c000000| Untracked 
| 193|0x000000070c100000, 0x000000070c100000, 0x000000070c200000|  0%| F|  |TAMS 0x000000070c100000, 0x000000070c100000| Untracked 
| 194|0x000000070c200000, 0x000000070c200000, 0x000000070c300000|  0%| F|  |TAMS 0x000000070c200000, 0x000000070c200000| Untracked 
| 195|0x000000070c300000, 0x000000070c300000, 0x000000070c400000|  0%| F|  |TAMS 0x000000070c300000, 0x000000070c300000| Untracked 
| 196|0x000000070c400000, 0x000000070c400000, 0x000000070c500000|  0%| F|  |TAMS 0x000000070c400000, 0x000000070c400000| Untracked 
| 197|0x000000070c500000, 0x000000070c500000, 0x000000070c600000|  0%| F|  |TAMS 0x000000070c500000, 0x000000070c500000| Untracked 
| 198|0x000000070c600000, 0x000000070c600000, 0x000000070c700000|  0%| F|  |TAMS 0x000000070c600000, 0x000000070c600000| Untracked 
| 199|0x000000070c700000, 0x000000070c700000, 0x000000070c800000|  0%| F|  |TAMS 0x000000070c700000, 0x000000070c700000| Untracked 
| 200|0x000000070c800000, 0x000000070c800000, 0x000000070c900000|  0%| F|  |TAMS 0x000000070c800000, 0x000000070c800000| Untracked 
| 201|0x000000070c900000, 0x000000070c900000, 0x000000070ca00000|  0%| F|  |TAMS 0x000000070c900000, 0x000000070c900000| Untracked 
| 202|0x000000070ca00000, 0x000000070ca00000, 0x000000070cb00000|  0%| F|  |TAMS 0x000000070ca00000, 0x000000070ca00000| Untracked 
| 203|0x000000070cb00000, 0x000000070cb00000, 0x000000070cc00000|  0%| F|  |TAMS 0x000000070cb00000, 0x000000070cb00000| Untracked 
| 204|0x000000070cc00000, 0x000000070cc00000, 0x000000070cd00000|  0%| F|  |TAMS 0x000000070cc00000, 0x000000070cc00000| Untracked 
| 205|0x000000070cd00000, 0x000000070cd00000, 0x000000070ce00000|  0%| F|  |TAMS 0x000000070cd00000, 0x000000070cd00000| Untracked 
| 206|0x000000070ce00000, 0x000000070ce00000, 0x000000070cf00000|  0%| F|  |TAMS 0x000000070ce00000, 0x000000070ce00000| Untracked 
| 207|0x000000070cf00000, 0x000000070cf00000, 0x000000070d000000|  0%| F|  |TAMS 0x000000070cf00000, 0x000000070cf00000| Untracked 
| 208|0x000000070d000000, 0x000000070d000000, 0x000000070d100000|  0%| F|  |TAMS 0x000000070d000000, 0x000000070d000000| Untracked 
| 209|0x000000070d100000, 0x000000070d100000, 0x000000070d200000|  0%| F|  |TAMS 0x000000070d100000, 0x000000070d100000| Untracked 
| 210|0x000000070d200000, 0x000000070d200000, 0x000000070d300000|  0%| F|  |TAMS 0x000000070d200000, 0x000000070d200000| Untracked 
| 211|0x000000070d300000, 0x000000070d300000, 0x000000070d400000|  0%| F|  |TAMS 0x000000070d300000, 0x000000070d300000| Untracked 
| 212|0x000000070d400000, 0x000000070d400000, 0x000000070d500000|  0%| F|  |TAMS 0x000000070d400000, 0x000000070d400000| Untracked 
| 213|0x000000070d500000, 0x000000070d500000, 0x000000070d600000|  0%| F|  |TAMS 0x000000070d500000, 0x000000070d500000| Untracked 
| 214|0x000000070d600000, 0x000000070d600000, 0x000000070d700000|  0%| F|  |TAMS 0x000000070d600000, 0x000000070d600000| Untracked 
| 215|0x000000070d700000, 0x000000070d700000, 0x000000070d800000|  0%| F|  |TAMS 0x000000070d700000, 0x000000070d700000| Untracked 
| 216|0x000000070d800000, 0x000000070d800000, 0x000000070d900000|  0%| F|  |TAMS 0x000000070d800000, 0x000000070d800000| Untracked 
| 217|0x000000070d900000, 0x000000070d900000, 0x000000070da00000|  0%| F|  |TAMS 0x000000070d900000, 0x000000070d900000| Untracked 
| 218|0x000000070da00000, 0x000000070da00000, 0x000000070db00000|  0%| F|  |TAMS 0x000000070da00000, 0x000000070da00000| Untracked 
| 219|0x000000070db00000, 0x000000070db00000, 0x000000070dc00000|  0%| F|  |TAMS 0x000000070db00000, 0x000000070db00000| Untracked 
| 220|0x000000070dc00000, 0x000000070dc00000, 0x000000070dd00000|  0%| F|  |TAMS 0x000000070dc00000, 0x000000070dc00000| Untracked 
| 221|0x000000070dd00000, 0x000000070dd00000, 0x000000070de00000|  0%| F|  |TAMS 0x000000070dd00000, 0x000000070dd00000| Untracked 
| 222|0x000000070de00000, 0x000000070de00000, 0x000000070df00000|  0%| F|  |TAMS 0x000000070de00000, 0x000000070de00000| Untracked 
| 223|0x000000070df00000, 0x000000070df00000, 0x000000070e000000|  0%| F|  |TAMS 0x000000070df00000, 0x000000070df00000| Untracked 
| 224|0x000000070e000000, 0x000000070e000000, 0x000000070e100000|  0%| F|  |TAMS 0x000000070e000000, 0x000000070e000000| Untracked 
| 225|0x000000070e100000, 0x000000070e100000, 0x000000070e200000|  0%| F|  |TAMS 0x000000070e100000, 0x000000070e100000| Untracked 
| 226|0x000000070e200000, 0x000000070e200000, 0x000000070e300000|  0%| F|  |TAMS 0x000000070e200000, 0x000000070e200000| Untracked 
| 227|0x000000070e300000, 0x000000070e300000, 0x000000070e400000|  0%| F|  |TAMS 0x000000070e300000, 0x000000070e300000| Untracked 
| 228|0x000000070e400000, 0x000000070e400000, 0x000000070e500000|  0%| F|  |TAMS 0x000000070e400000, 0x000000070e400000| Untracked 
| 229|0x000000070e500000, 0x000000070e500000, 0x000000070e600000|  0%| F|  |TAMS 0x000000070e500000, 0x000000070e500000| Untracked 
| 230|0x000000070e600000, 0x000000070e600000, 0x000000070e700000|  0%| F|  |TAMS 0x000000070e600000, 0x000000070e600000| Untracked 
| 231|0x000000070e700000, 0x000000070e700000, 0x000000070e800000|  0%| F|  |TAMS 0x000000070e700000, 0x000000070e700000| Untracked 
| 232|0x000000070e800000, 0x000000070e800000, 0x000000070e900000|  0%| F|  |TAMS 0x000000070e800000, 0x000000070e800000| Untracked 
| 233|0x000000070e900000, 0x000000070e900000, 0x000000070ea00000|  0%| F|  |TAMS 0x000000070e900000, 0x000000070e900000| Untracked 
| 234|0x000000070ea00000, 0x000000070ea00000, 0x000000070eb00000|  0%| F|  |TAMS 0x000000070ea00000, 0x000000070ea00000| Untracked 
| 235|0x000000070eb00000, 0x000000070eb00000, 0x000000070ec00000|  0%| F|  |TAMS 0x000000070eb00000, 0x000000070eb00000| Untracked 
| 236|0x000000070ec00000, 0x000000070ec00000, 0x000000070ed00000|  0%| F|  |TAMS 0x000000070ec00000, 0x000000070ec00000| Untracked 
| 237|0x000000070ed00000, 0x000000070ed00000, 0x000000070ee00000|  0%| F|  |TAMS 0x000000070ed00000, 0x000000070ed00000| Untracked 
| 238|0x000000070ee00000, 0x000000070ee00000, 0x000000070ef00000|  0%| F|  |TAMS 0x000000070ee00000, 0x000000070ee00000| Untracked 
| 239|0x000000070ef00000, 0x000000070ef00000, 0x000000070f000000|  0%| F|  |TAMS 0x000000070ef00000, 0x000000070ef00000| Untracked 
| 240|0x000000070f000000, 0x000000070f000000, 0x000000070f100000|  0%| F|  |TAMS 0x000000070f000000, 0x000000070f000000| Untracked 
| 241|0x000000070f100000, 0x000000070f100000, 0x000000070f200000|  0%| F|  |TAMS 0x000000070f100000, 0x000000070f100000| Untracked 
| 242|0x000000070f200000, 0x000000070f200000, 0x000000070f300000|  0%| F|  |TAMS 0x000000070f200000, 0x000000070f200000| Untracked 
| 243|0x000000070f300000, 0x000000070f300000, 0x000000070f400000|  0%| F|  |TAMS 0x000000070f300000, 0x000000070f300000| Untracked 
| 244|0x000000070f400000, 0x000000070f400000, 0x000000070f500000|  0%| F|  |TAMS 0x000000070f400000, 0x000000070f400000| Untracked 
| 245|0x000000070f500000, 0x000000070f500000, 0x000000070f600000|  0%| F|  |TAMS 0x000000070f500000, 0x000000070f500000| Untracked 
| 246|0x000000070f600000, 0x000000070f600000, 0x000000070f700000|  0%| F|  |TAMS 0x000000070f600000, 0x000000070f600000| Untracked 
| 247|0x000000070f700000, 0x000000070f7f6590, 0x000000070f800000| 96%| E|  |TAMS 0x000000070f700000, 0x000000070f700000| Complete 
| 248|0x000000070f800000, 0x000000070f900000, 0x000000070f900000|100%| E|CS|TAMS 0x000000070f800000, 0x000000070f800000| Complete 
| 249|0x000000070f900000, 0x000000070fa00000, 0x000000070fa00000|100%| E|CS|TAMS 0x000000070f900000, 0x000000070f900000| Complete 
| 250|0x000000070fa00000, 0x000000070fb00000, 0x000000070fb00000|100%| E|CS|TAMS 0x000000070fa00000, 0x000000070fa00000| Complete 
| 251|0x000000070fb00000, 0x000000070fc00000, 0x000000070fc00000|100%| E|CS|TAMS 0x000000070fb00000, 0x000000070fb00000| Complete 
| 252|0x000000070fc00000, 0x000000070fd00000, 0x000000070fd00000|100%| E|CS|TAMS 0x000000070fc00000, 0x000000070fc00000| Complete 
| 253|0x000000070fd00000, 0x000000070fe00000, 0x000000070fe00000|100%| E|CS|TAMS 0x000000070fd00000, 0x000000070fd00000| Complete 
| 254|0x000000070fe00000, 0x000000070ff00000, 0x000000070ff00000|100%| E|CS|TAMS 0x000000070fe00000, 0x000000070fe00000| Complete 
| 255|0x000000070ff00000, 0x0000000710000000, 0x0000000710000000|100%| E|CS|TAMS 0x000000070ff00000, 0x000000070ff00000| Complete 

Card table byte_map: [0x000000012a9b0000,0x000000012b1b0000] _byte_map_base: 0x00000001271b0000

Marking Bits (Prev, Next): (CMBitMap*) 0x00007fd69802d218, (CMBitMap*) 0x00007fd69802d250
 Prev Bits: [0x000000012b9b0000, 0x000000012f9b0000)
 Next Bits: [0x000000012f9b0000, 0x00000001339b0000)

Polling page: 0x0000000104275000

Metaspace:

Usage:
  Non-class:     11.15 MB capacity,    11.00 MB ( 99%) used,   119.58 KB (  1%) free+waste,    38.88 KB ( <1%) overhead. 
      Class:      1.51 MB capacity,     1.32 MB ( 87%) used,   175.85 KB ( 11%) free+waste,    22.00 KB (  1%) overhead. 
       Both:     12.66 MB capacity,    12.31 MB ( 97%) used,   295.43 KB (  2%) free+waste,    60.88 KB ( <1%) overhead. 

Virtual space:
  Non-class space:       12.00 MB reserved,      11.25 MB ( 94%) committed 
      Class space:        1.00 GB reserved,       1.62 MB ( <1%) committed 
             Both:        1.01 GB reserved,      12.88 MB (  1%) committed 

Chunk freelists:
   Non-Class:  640 bytes
       Class:  2.75 KB
        Both:  3.38 KB

CodeHeap 'non-profiled nmethods': size=120032Kb used=242Kb max_used=242Kb free=119789Kb
 bounds [0x0000000122a91000, 0x0000000122d01000, 0x0000000129fc9000]
CodeHeap 'profiled nmethods': size=120028Kb used=1332Kb max_used=1332Kb free=118695Kb
 bounds [0x000000011b55a000, 0x000000011b7ca000, 0x0000000122a91000]
CodeHeap 'non-nmethods': size=5700Kb used=1172Kb max_used=1184Kb free=4527Kb
 bounds [0x000000011afc9000, 0x000000011b239000, 0x000000011b55a000]
 total_blobs=1349 nmethods=798 adapters=465
 compilation: enabled
              stopped_count=0, restarted_count=0
 full_count=0

Compilation events (10 events):
Event: 1.822 Thread 0x00007fd69813f800  794       1       jdk.internal.jimage.ImageHeader::getTableLength (5 bytes)
Event: 1.822 Thread 0x00007fd69813f800 nmethod 794 0x0000000122acd390 code [0x0000000122acd520, 0x0000000122acd5d0]
Event: 1.824 Thread 0x00007fd69813f800  796       3       java.lang.invoke.MethodHandles::foldArgumentChecks (217 bytes)
Event: 1.825 Thread 0x00007fd69813f800 nmethod 796 0x000000011b6a3190 code [0x000000011b6a3620, 0x000000011b6a5530]
Event: 1.825 Thread 0x00007fd69813f800  795       3       java.lang.invoke.MethodHandles::foldArguments (100 bytes)
Event: 1.826 Thread 0x00007fd69813f800 nmethod 795 0x000000011b6a6190 code [0x000000011b6a63e0, 0x000000011b6a6dd0]
Event: 1.826 Thread 0x00007fd69813f800  797       1       java.util.concurrent.locks.AbstractOwnableSynchronizer::getExclusiveOwnerThread (5 bytes)
Event: 1.826 Thread 0x00007fd69813f800 nmethod 797 0x0000000122acd610 code [0x0000000122acd7a0, 0x0000000122acd850]
Event: 1.875 Thread 0x00007fd69813f800  798       1       java.util.EventObject::getSource (5 bytes)
Event: 1.875 Thread 0x00007fd69813f800 nmethod 798 0x0000000122acd890 code [0x0000000122acda20, 0x0000000122acdad0]

GC Heap History (0 events):
No events

Deoptimization events (5 events):
Event: 0.102 Thread 0x00007fd69781c000 Uncommon trap: reason=unstable_if action=reinterpret pc=0x0000000122a9491c method=java.lang.String.hashCode()I @ 14 c2
Event: 0.695 Thread 0x00007fd69781c000 Uncommon trap: reason=unstable_if action=reinterpret pc=0x0000000122ab9f90 method=java.lang.StringLatin1.replace([BCC)Ljava/lang/String; @ 19 c2
Event: 0.887 Thread 0x00007fd69790f800 Uncommon trap: reason=unstable_if action=reinterpret pc=0x0000000122a994f8 method=java.lang.String.isLatin1()Z @ 10 c2
Event: 1.637 Thread 0x00007fd69790f800 Uncommon trap: reason=unstable_if action=reinterpret pc=0x0000000122acb630 method=java.lang.StringLatin1.toLowerCase(Ljava/lang/String;[BLjava/util/Locale;)Ljava/lang/String; @ 40 c2
Event: 1.822 Thread 0x00007fd69790f800 Uncommon trap: reason=bimorphic_or_optimized_type_check action=maybe_recompile pc=0x0000000122ac67a0 method=java.util.concurrent.ConcurrentHashMap.get(Ljava/lang/Object;)Ljava/lang/Object; @ 149 c2

Classes redefined (0 events):
No events

Internal exceptions (10 events):
Event: 0.740 Thread 0x00007fd69781c000 Exception <a 'java/lang/NoSuchMethodError'{0x000000070f950b60}: java.lang.invoke.Invokers$Holder.linkToTargetMethod(IIIILjava/lang/Object;)Ljava/lang/Object;> (0x000000070f950b60) thrown at [./open/src/hotspot/share/interpreter/linkResolver.cpp, line 772]
Event: 0.742 Thread 0x00007fd69781c000 Exception <a 'java/lang/NoSuchMethodError'{0x000000070f953a10}: java.lang.invoke.DirectMethodHandle$Holder.invokeStatic(Ljava/lang/Object;Ljava/lang/Object;J)V> (0x000000070f953a10) thrown at [./open/src/hotspot/share/interpreter/linkResolver.cpp, line 77
Event: 0.757 Thread 0x00007fd69825a800 Exception <a 'java/lang/NoSuchMethodError'{0x000000070fb46cd8}: java.lang.invoke.DirectMethodHandle$Holder.invokeSpecial(Ljava/lang/Object;Ljava/lang/Object;J)V> (0x000000070fb46cd8) thrown at [./open/src/hotspot/share/interpreter/linkResolver.cpp, line 7
Event: 0.846 Thread 0x00007fd69781c000 Exception <a 'java/lang/NoSuchMethodError'{0x000000070f968938}: java.lang.invoke.DirectMethodHandle$Holder.invokeStatic(Ljava/lang/Object;JJ)V> (0x000000070f968938) thrown at [./open/src/hotspot/share/interpreter/linkResolver.cpp, line 772]
Event: 0.846 Thread 0x00007fd69781c000 Exception <a 'java/lang/NoSuchMethodError'{0x000000070f96db20}: java.lang.invoke.DirectMethodHandle$Holder.invokeStatic(Ljava/lang/Object;J)Ljava/lang/Object;> (0x000000070f96db20) thrown at [./open/src/hotspot/share/interpreter/linkResolver.cpp, line 772
Event: 0.847 Thread 0x00007fd69781c000 Exception <a 'java/lang/NoSuchMethodError'{0x000000070f9f7cc8}: java.lang.invoke.Invokers$Holder.linkToTargetMethod(Ljava/lang/Object;ILjava/lang/Object;)Ljava/lang/Object;> (0x000000070f9f7cc8) thrown at [./open/src/hotspot/share/interpreter/linkResolver
Event: 0.919 Thread 0x00007fd69790f800 Exception <a 'java/lang/NoSuchMethodError'{0x000000070f82ee40}: java.lang.invoke.DirectMethodHandle$Holder.invokeStatic(Ljava/lang/Object;Ljava/lang/Object;Ljava/lang/Object;Ljava/lang/Object;Ljava/lang/Object;Ljava/lang/Object;Ljava/lang/Object;Ljava/lan
Event: 0.924 Thread 0x00007fd69790f800 Exception <a 'java/lang/NoSuchMethodError'{0x000000070f84cfe0}: java.lang.invoke.DirectMethodHandle$Holder.invokeStatic(Ljava/lang/Object;Ljava/lang/Object;Ljava/lang/Object;Ljava/lang/Object;Ljava/lang/Object;Ljava/lang/Object;Ljava/lang/Object;Ljava/lan
Event: 0.927 Thread 0x00007fd69790f800 Exception <a 'java/lang/NoSuchMethodError'{0x000000070f86ef20}: java.lang.invoke.DirectMethodHandle$Holder.invokeStatic(Ljava/lang/Object;Ljava/lang/Object;Ljava/lang/Object;Ljava/lang/Object;Ljava/lang/Object;Ljava/lang/Object;Ljava/lang/Object;Ljava/lan
Event: 0.931 Thread 0x00007fd69790f800 Exception <a 'java/lang/NoSuchMethodError'{0x000000070f70ad60}: java.lang.invoke.DirectMethodHandle$Holder.invokeStatic(Ljava/lang/Object;Ljava/lang/Object;Ljava/lang/Object;Ljava/lang/Object;Ljava/lang/Object;Ljava/lang/Object;Ljava/lang/Object;Ljava/lan

Events (10 events):
Event: 1.824 loading class javax/swing/JInternalFrame
Event: 1.825 loading class javax/swing/JInternalFrame done
Event: 1.825 loading class javax/swing/KeyboardManager
Event: 1.825 loading class javax/swing/KeyboardManager done
Event: 1.825 loading class javax/swing/Popup$HeavyWeightWindow
Event: 1.825 loading class sun/awt/ModalExclude
Event: 1.825 loading class sun/awt/ModalExclude done
Event: 1.825 loading class javax/swing/JWindow
Event: 1.825 loading class javax/swing/JWindow done
Event: 1.825 loading class javax/swing/Popup$HeavyWeightWindow done


Dynamic libraries:
0x00007ffdffdb3000 	/usr/libexec/rosetta/runtime
0x000000010c27a000 	/Library/Apple/usr/libexec/oah/libRosettaRuntime
0x00007fff3526d000 	/System/Library/Frameworks/Cocoa.framework/Versions/A/Cocoa
0x00007fff22214000 	/System/Library/Frameworks/Security.framework/Versions/A/Security
0x00007fff33475000 	/System/Library/Frameworks/ApplicationServices.framework/Versions/A/ApplicationServices
0x00007fff2a6e0000 	/usr/lib/libz.1.dylib
0x000000010c775000 	/Library/Java/JavaVirtualMachines/jdk-11.0.12.jdk/Contents/Home/lib/jli/libjli.dylib
0x00007fff2a7ac000 	/usr/lib/libSystem.B.dylib
0x00007fff22c45000 	/System/Library/Frameworks/AppKit.framework/Versions/C/AppKit
0x00007fff25b31000 	/System/Library/Frameworks/CoreData.framework/Versions/A/CoreData
0x00007fff211ac000 	/System/Library/Frameworks/Foundation.framework/Versions/C/Foundation
0x00007fff23991000 	/System/Library/PrivateFrameworks/UIFoundation.framework/Versions/A/UIFoundation
0x00007fff2ff2f000 	/System/Library/PrivateFrameworks/RemoteViewServices.framework/Versions/A/RemoteViewServices
0x00007fff28cda000 	/System/Library/PrivateFrameworks/XCTTargetBootstrap.framework/Versions/A/XCTTargetBootstrap
0x00007fff2ba2d000 	/usr/lib/libspindump.dylib
0x00007fff23be0000 	/System/Library/Frameworks/UniformTypeIdentifiers.framework/Versions/A/UniformTypeIdentifiers
0x00007fff274de000 	/usr/lib/libapp_launch_measurement.dylib
0x00007fff274e1000 	/System/Library/PrivateFrameworks/CoreAutoLayout.framework/Versions/A/CoreAutoLayout
0x00007fff28641000 	/System/Library/Frameworks/Metal.framework/Versions/A/Metal
0x00007fff2933b000 	/usr/lib/liblangid.dylib
0x00007fff28cde000 	/System/Library/PrivateFrameworks/CoreSVG.framework/Versions/A/CoreSVG
0x00007fff24c20000 	/System/Library/PrivateFrameworks/SkyLight.framework/Versions/A/SkyLight
0x00007fff24f86000 	/System/Library/Frameworks/CoreGraphics.framework/Versions/A/CoreGraphics
0x00007fff30456000 	/System/Library/Frameworks/Accelerate.framework/Versions/A/Accelerate
0x00007fff2b46b000 	/System/Library/PrivateFrameworks/IconServices.framework/Versions/A/IconServices
0x00007fff28625000 	/System/Library/Frameworks/IOSurface.framework/Versions/A/IOSurface
0x00007fff264c5000 	/usr/lib/libDiagnosticMessagesClient.dylib
0x00007fff28cc6000 	/System/Library/PrivateFrameworks/DFRFoundation.framework/Versions/A/DFRFoundation
0x00007fff2256c000 	/usr/lib/libicucore.A.dylib
0x00007fff2cf6e000 	/System/Library/Frameworks/AudioToolbox.framework/Versions/A/AudioToolbox
0x00007fff2c1f6000 	/System/Library/PrivateFrameworks/DataDetectorsCore.framework/Versions/A/DataDetectorsCore
0x00007fff24b93000 	/usr/lib/libMobileGestalt.dylib
0x00007fff289ca000 	/System/Library/Frameworks/Carbon.framework/Versions/A/Frameworks/HIToolbox.framework/Versions/A/HIToolbox
0x00007fff26f23000 	/System/Library/Frameworks/QuartzCore.framework/Versions/A/QuartzCore
0x00007fff2ff67000 	/System/Library/Frameworks/Carbon.framework/Versions/A/Frameworks/SpeechRecognition.framework/Versions/A/SpeechRecognition
0x00007fff27243000 	/System/Library/PrivateFrameworks/CoreUI.framework/Versions/A/CoreUI
0x00007fff21b82000 	/System/Library/Frameworks/CoreAudio.framework/Versions/A/CoreAudio
0x00007fff265b0000 	/System/Library/Frameworks/DiskArbitration.framework/Versions/A/DiskArbitration
0x00007fff2bdfa000 	/System/Library/PrivateFrameworks/MultitouchSupport.framework/Versions/A/MultitouchSupport
0x00007fff2c1ed000 	/System/Library/PrivateFrameworks/InternationalSupport.framework/Versions/A/InternationalSupport
0x00007fff24b92000 	/usr/lib/libenergytrace.dylib
0x00007fff22b3c000 	/System/Library/Frameworks/IOKit.framework/Versions/A/IOKit
0x00007fff3029a000 	/System/Library/Frameworks/CoreServices.framework/Versions/A/CoreServices
0x00007fff27470000 	/System/Library/PrivateFrameworks/PerformanceAnalysis.framework/Versions/A/PerformanceAnalysis
0x00007fff6be15000 	/System/Library/Frameworks/OpenGL.framework/Versions/A/OpenGL
0x00007fff2c271000 	/System/Library/PrivateFrameworks/UserActivity.framework/Versions/A/UserActivity
0x00007fff202f2000 	/usr/lib/libobjc.A.dylib
0x00007fff25638000 	/System/Library/Frameworks/ColorSync.framework/Versions/A/ColorSync
0x00007fff204d2000 	/System/Library/Frameworks/CoreFoundation.framework/Versions/A/CoreFoundation
0x00007fff28f49000 	/System/Library/Frameworks/CoreImage.framework/Versions/A/CoreImage
0x00007fff2199c000 	/System/Library/Frameworks/CoreText.framework/Versions/A/CoreText
0x00007fff28d08000 	/System/Library/Frameworks/ImageIO.framework/Versions/A/ImageIO
0x00007fff2a7b2000 	/System/Library/PrivateFrameworks/SoftLinking.framework/Versions/A/SoftLinking
0x00007fff27529000 	/usr/lib/libxml2.2.dylib
0x00007fff203b8000 	/usr/lib/libc++.1.dylib
0x00007fff2aa1f000 	/usr/lib/libcompression.dylib
0x00007fff2c11f000 	/System/Library/PrivateFrameworks/TextureIO.framework/Versions/A/TextureIO
0x00007fff2b10f000 	/usr/lib/libate.dylib
0x00007fff2a7a6000 	/usr/lib/system/libcache.dylib
0x00007fff2a762000 	/usr/lib/system/libcommonCrypto.dylib
0x00007fff2a78c000 	/usr/lib/system/libcompiler_rt.dylib
0x00007fff2a781000 	/usr/lib/system/libcopyfile.dylib
0x00007fff201e2000 	/usr/lib/system/libcorecrypto.dylib
0x00007fff202ad000 	/usr/lib/system/libdispatch.dylib
0x00007fff20460000 	/usr/lib/system/libdyld.dylib
0x00007fff2a79d000 	/usr/lib/system/libkeymgr.dylib
0x00007fff2dd05000 	/usr/lib/system/liblaunch.dylib
0x00007fff2a740000 	/usr/lib/system/libmacho.dylib
0x00007fff29f34000 	/usr/lib/system/libquarantine.dylib
0x00007fff2a79a000 	/usr/lib/system/libremovefile.dylib
0x00007fff24bf0000 	/usr/lib/system/libsystem_asl.dylib
0x00007fff20192000 	/usr/lib/system/libsystem_blocks.dylib
0x00007fff2032f000 	/usr/lib/system/libsystem_c.dylib
0x00007fff2a794000 	/usr/lib/system/libsystem_collections.dylib
0x00007fff2932c000 	/usr/lib/system/libsystem_configuration.dylib
0x00007fff28614000 	/usr/lib/system/libsystem_containermanager.dylib
0x00007fff2a4df000 	/usr/lib/system/libsystem_coreservices.dylib
0x00007fff227cc000 	/usr/lib/system/libsystem_darwin.dylib
0x00007fff2a79e000 	/usr/lib/system/libsystem_dnssd.dylib
0x00007fff2032c000 	/usr/lib/system/libsystem_featureflags.dylib
0x00007fff204a6000 	/usr/lib/system/libsystem_info.dylib
0x00007fff2a6f3000 	/usr/lib/system/libsystem_m.dylib
0x00007fff20280000 	/usr/lib/system/libsystem_malloc.dylib
0x00007fff24b83000 	/usr/lib/system/libsystem_networkextension.dylib
0x00007fff22beb000 	/usr/lib/system/libsystem_notify.dylib
0x00007fff3019c000 	/usr/lib/system/libsystem_product_info_filter.dylib
0x00007fff29330000 	/usr/lib/system/libsystem_sandbox.dylib
0x00007fff2a797000 	/usr/lib/system/libsystem_secinit.dylib
0x00007fff20424000 	/usr/lib/system/libsystem_kernel.dylib
0x00007fff2049c000 	/usr/lib/system/libsystem_platform.dylib
0x00007fff20454000 	/usr/lib/system/libsystem_pthread.dylib
0x00007fff26301000 	/usr/lib/system/libsystem_symptoms.dylib
0x00007fff201ca000 	/usr/lib/system/libsystem_trace.dylib
0x00007fff2a76e000 	/usr/lib/system/libunwind.dylib
0x00007fff20194000 	/usr/lib/system/libxpc.dylib
0x00007fff2040e000 	/usr/lib/libc++abi.dylib
0x00007fff2a779000 	/usr/lib/liboah.dylib
0x00007fff2ae3b000 	/usr/lib/liblzma.5.dylib
0x00007fff20ec0000 	/System/Library/Frameworks/SystemConfiguration.framework/Versions/A/SystemConfiguration
0x00007fff2a7ae000 	/usr/lib/libfakelink.dylib
0x00007fff246e4000 	/System/Library/Frameworks/CFNetwork.framework/Versions/A/CFNetwork
0x00007fff2a8ee000 	/usr/lib/libarchive.2.dylib
0x00007fff20f3e000 	/usr/lib/libCRFSuite.dylib
0x00007fff29f5b000 	/usr/lib/libbsm.0.dylib
0x00007fff2405d000 	/usr/lib/libnetwork.dylib
0x00007fff2a7b3000 	/usr/lib/libpcap.A.dylib
0x00007fff262fa000 	/usr/lib/libdns_services.dylib
0x00007fff2ae54000 	/usr/lib/libcoretls_cfhelpers.dylib
0x00007fff2a9ed000 	/usr/lib/libapple_nghttp2.dylib
0x00007fff2a746000 	/usr/lib/system/libkxld.dylib
0x00007fff25f78000 	/usr/lib/libsqlite3.dylib
0x00007fff2a4c2000 	/System/Library/PrivateFrameworks/AppleFSCompression.framework/Versions/A/AppleFSCompression
0x00007fff29f43000 	/usr/lib/libcoretls.dylib
0x00007fff2aa1a000 	/usr/lib/libpam.2.dylib
0x00007fff2af52000 	/usr/lib/libxar.1.dylib
0x00007fff29337000 	/System/Library/PrivateFrameworks/AppleSystemInfo.framework/Versions/A/AppleSystemInfo
0x00007fff29b85000 	/System/Library/PrivateFrameworks/IOMobileFramebuffer.framework/Versions/A/IOMobileFramebuffer
0x00007fff2a4d2000 	/usr/lib/libbz2.1.0.dylib
0x00007fff2a7eb000 	/usr/lib/libiconv.2.dylib
0x00007fff2a73f000 	/usr/lib/libcharset.1.dylib
0x00007fff274ac000 	/System/Library/Frameworks/CoreServices.framework/Versions/A/Frameworks/FSEvents.framework/Versions/A/FSEvents
0x00007fff227d6000 	/System/Library/Frameworks/CoreServices.framework/Versions/A/Frameworks/CarbonCore.framework/Versions/A/CarbonCore
0x00007fff26515000 	/System/Library/Frameworks/CoreServices.framework/Versions/A/Frameworks/Metadata.framework/Versions/A/Metadata
0x00007fff2a4e4000 	/System/Library/Frameworks/CoreServices.framework/Versions/A/Frameworks/OSServices.framework/Versions/A/OSServices
0x00007fff2a960000 	/System/Library/Frameworks/CoreServices.framework/Versions/A/Frameworks/SearchKit.framework/Versions/A/SearchKit
0x00007fff26285000 	/System/Library/Frameworks/CoreServices.framework/Versions/A/Frameworks/AE.framework/Versions/A/AE
0x00007fff20971000 	/System/Library/Frameworks/CoreServices.framework/Versions/A/Frameworks/LaunchServices.framework/Versions/A/LaunchServices
0x00007fff2adeb000 	/System/Library/Frameworks/CoreServices.framework/Versions/A/Frameworks/DictionaryServices.framework/Versions/A/DictionaryServices
0x00007fff274b9000 	/System/Library/Frameworks/CoreServices.framework/Versions/A/Frameworks/SharedFileList.framework/Versions/A/SharedFileList
0x00007fff29f37000 	/usr/lib/libCheckFix.dylib
0x00007fff24c07000 	/System/Library/PrivateFrameworks/TCC.framework/Versions/A/TCC
0x00007fff2933d000 	/System/Library/PrivateFrameworks/CoreNLP.framework/Versions/A/CoreNLP
0x00007fff264c8000 	/System/Library/PrivateFrameworks/MetadataUtilities.framework/Versions/A/MetadataUtilities
0x00007fff20f73000 	/usr/lib/libmecabra.dylib
0x00007fff2a241000 	/System/Library/Frameworks/MLCompute.framework/Versions/A/MLCompute
0x00007fff29f6c000 	/usr/lib/libmecab.dylib
0x00007fff29fb6000 	/usr/lib/libgermantok.dylib
0x00007fff2a9c8000 	/usr/lib/libThaiTokenizer.dylib
0x00007fff2af8d000 	/usr/lib/libChineseTokenizer.dylib
0x00007fff2aa18000 	/System/Library/Frameworks/MetalPerformanceShaders.framework/Versions/A/MetalPerformanceShaders
0x00007fff265b7000 	/System/Library/Frameworks/Accelerate.framework/Versions/A/Frameworks/vImage.framework/Versions/A/vImage
0x00007fff30274000 	/System/Library/Frameworks/Accelerate.framework/Versions/A/Frameworks/vecLib.framework/Versions/A/vecLib
0x00007fff2af98000 	/System/Library/Frameworks/Accelerate.framework/Versions/A/Frameworks/vecLib.framework/Versions/A/libvMisc.dylib
0x00007fff299e5000 	/System/Library/Frameworks/Accelerate.framework/Versions/A/Frameworks/vecLib.framework/Versions/A/libvDSP.dylib
0x00007fff20c7c000 	/System/Library/Frameworks/Accelerate.framework/Versions/A/Frameworks/vecLib.framework/Versions/A/libBLAS.dylib
0x00007fff2aa46000 	/System/Library/Frameworks/Accelerate.framework/Versions/A/Frameworks/vecLib.framework/Versions/A/libLAPACK.dylib
0x00007fff29fbc000 	/System/Library/Frameworks/Accelerate.framework/Versions/A/Frameworks/vecLib.framework/Versions/A/libLinearAlgebra.dylib
0x00007fff2aa05000 	/System/Library/Frameworks/Accelerate.framework/Versions/A/Frameworks/vecLib.framework/Versions/A/libSparseBLAS.dylib
0x00007fff2aa40000 	/System/Library/Frameworks/Accelerate.framework/Versions/A/Frameworks/vecLib.framework/Versions/A/libQuadrature.dylib
0x00007fff293e9000 	/System/Library/Frameworks/Accelerate.framework/Versions/A/Frameworks/vecLib.framework/Versions/A/libBNNS.dylib
0x00007fff20e51000 	/System/Library/Frameworks/Accelerate.framework/Versions/A/Frameworks/vecLib.framework/Versions/A/libSparse.dylib
0x00007fff292c5000 	/System/Library/Frameworks/MetalPerformanceShaders.framework/Versions/A/Frameworks/MPSCore.framework/Versions/A/MPSCore
0x00007fff2a431000 	/System/Library/Frameworks/MetalPerformanceShaders.framework/Versions/A/Frameworks/MPSImage.framework/Versions/A/MPSImage
0x00007fff29fd2000 	/System/Library/Frameworks/MetalPerformanceShaders.framework/Versions/A/Frameworks/MPSNeuralNetwork.framework/Versions/A/MPSNeuralNetwork
0x00007fff2a3a3000 	/System/Library/Frameworks/MetalPerformanceShaders.framework/Versions/A/Frameworks/MPSMatrix.framework/Versions/A/MPSMatrix
0x00007fff2a1f1000 	/System/Library/Frameworks/MetalPerformanceShaders.framework/Versions/A/Frameworks/MPSRayIntersector.framework/Versions/A/MPSRayIntersector
0x00007fff2a3da000 	/System/Library/Frameworks/MetalPerformanceShaders.framework/Versions/A/Frameworks/MPSNDArray.framework/Versions/A/MPSNDArray
0x00007fff20ba7000 	/System/Library/PrivateFrameworks/MetalTools.framework/Versions/A/MetalTools
0x00007fff29335000 	/System/Library/PrivateFrameworks/AggregateDictionary.framework/Versions/A/AggregateDictionary
0x00007fff26495000 	/System/Library/PrivateFrameworks/CoreAnalytics.framework/Versions/A/CoreAnalytics
0x00007fff2a9ca000 	/System/Library/PrivateFrameworks/AppleSauce.framework/Versions/A/AppleSauce
0x00007fff28637000 	/System/Library/PrivateFrameworks/IOAccelerator.framework/Versions/A/IOAccelerator
0x00007fff6be09000 	/System/Library/Frameworks/OpenGL.framework/Versions/A/Libraries/libCoreFSCache.dylib
0x00007fff2150b000 	/System/Library/PrivateFrameworks/LanguageModeling.framework/Versions/A/LanguageModeling
0x00007fff29b73000 	/System/Library/PrivateFrameworks/CoreEmoji.framework/Versions/A/CoreEmoji
0x00007fff293e2000 	/System/Library/PrivateFrameworks/LinguisticData.framework/Versions/A/LinguisticData
0x00007fff20e03000 	/System/Library/PrivateFrameworks/Lexicon.framework/Versions/A/Lexicon
0x00007fff2a8dc000 	/usr/lib/libcmph.dylib
0x00007fff2748c000 	/System/Library/Frameworks/OpenDirectory.framework/Versions/A/Frameworks/CFOpenDirectory.framework/Versions/A/CFOpenDirectory
0x00007fff2747c000 	/System/Library/Frameworks/OpenDirectory.framework/Versions/A/OpenDirectory
0x00007fff2ae56000 	/System/Library/PrivateFrameworks/APFS.framework/Versions/A/APFS
0x00007fff29e99000 	/System/Library/Frameworks/SecurityFoundation.framework/Versions/A/SecurityFoundation
0x00007fff2af60000 	/usr/lib/libutil.dylib
0x00007fff22b01000 	/System/Library/PrivateFrameworks/CoreServicesStore.framework/Versions/A/CoreServicesStore
0x00007fff29f2f000 	/System/Library/Frameworks/ServiceManagement.framework/Versions/A/ServiceManagement
0x00007fff2af64000 	/usr/lib/libxslt.1.dylib
0x00007fff29f25000 	/System/Library/PrivateFrameworks/BackgroundTaskManagement.framework/Versions/A/BackgroundTaskManagement
0x00007fff2c06a000 	/System/Library/Frameworks/ImageIO.framework/Versions/A/Resources/libRadiance.dylib
0x00007fff2c073000 	/System/Library/Frameworks/ImageIO.framework/Versions/A/Resources/libJPEG.dylib
0x00007fff2bfc4000 	/System/Library/Frameworks/ImageIO.framework/Versions/A/Resources/libPng.dylib
0x00007fff2bfe5000 	/System/Library/Frameworks/ImageIO.framework/Versions/A/Resources/libTIFF.dylib
0x00007fff2c0c8000 	/System/Library/Frameworks/ImageIO.framework/Versions/A/Resources/libGIF.dylib
0x00007fff2bd17000 	/System/Library/Frameworks/ImageIO.framework/Versions/A/Resources/libJP2.dylib
0x00007fff2b432000 	/usr/lib/libexpat.1.dylib
0x00007fff2bccd000 	/System/Library/PrivateFrameworks/AppleJPEG.framework/Versions/A/AppleJPEG
0x00007fff2886d000 	/System/Library/PrivateFrameworks/FontServices.framework/libFontParser.dylib
0x00007fff2623c000 	/System/Library/PrivateFrameworks/RunningBoardServices.framework/Versions/A/RunningBoardServices
0x00007fff2bdf6000 	/System/Library/PrivateFrameworks/WatchdogClient.framework/Versions/A/WatchdogClient
0x00007fff215f4000 	/System/Library/Frameworks/CoreDisplay.framework/Versions/A/CoreDisplay
0x00007fff28782000 	/System/Library/Frameworks/CoreMedia.framework/Versions/A/CoreMedia
0x00007fff2760c000 	/System/Library/Frameworks/CoreVideo.framework/Versions/A/CoreVideo
0x00007fff2be31000 	/System/Library/Frameworks/VideoToolbox.framework/Versions/A/VideoToolbox
0x00007fff261bc000 	/System/Library/PrivateFrameworks/BaseBoard.framework/Versions/A/BaseBoard
0x00007fff2b577000 	/System/Library/PrivateFrameworks/PersistentConnection.framework/Versions/A/PersistentConnection
0x00007fff25f62000 	/System/Library/PrivateFrameworks/ProtocolBuffer.framework/Versions/A/ProtocolBuffer
0x00007fff261a4000 	/System/Library/PrivateFrameworks/CommonUtilities.framework/Versions/A/CommonUtilities
0x00007fff2bc90000 	/System/Library/PrivateFrameworks/Bom.framework/Versions/A/Bom
0x00007fff2c062000 	/System/Library/PrivateFrameworks/GPUWrangler.framework/Versions/A/GPUWrangler
0x00007fff2c045000 	/System/Library/PrivateFrameworks/IOPresentment.framework/Versions/A/IOPresentment
0x00007fff2c06d000 	/System/Library/PrivateFrameworks/DSExternalDisplay.framework/Versions/A/DSExternalDisplay
0x00007fff2c0cd000 	/System/Library/PrivateFrameworks/CMCaptureCore.framework/Versions/A/CMCaptureCore
0x00007fff2ba13000 	/System/Library/PrivateFrameworks/AppServerSupport.framework/Versions/A/AppServerSupport
0x00007fff2daa8000 	/System/Library/PrivateFrameworks/perfdata.framework/Versions/A/perfdata
0x00007fff29e88000 	/System/Library/PrivateFrameworks/AssertionServices.framework/Versions/A/AssertionServices
0x00007fff2172b000 	/System/Library/PrivateFrameworks/AudioToolboxCore.framework/Versions/A/AudioToolboxCore
0x00007fff28765000 	/System/Library/PrivateFrameworks/caulk.framework/Versions/A/caulk
0x00007fff3cf54000 	/System/Library/PrivateFrameworks/SystemPolicy.framework/Versions/A/SystemPolicy
0x00007fff2b241000 	/usr/lib/libIOReport.dylib
0x00007fff2d2e4000 	/usr/lib/libSMC.dylib
0x00007fff2bf90000 	/usr/lib/libAudioToolboxUtility.dylib
0x00007fff3d8b1000 	/usr/lib/libmis.dylib
0x00007fff6be65000 	/System/Library/Frameworks/OpenGL.framework/Versions/A/Libraries/libGLU.dylib
0x00007fff6be28000 	/System/Library/Frameworks/OpenGL.framework/Versions/A/Libraries/libGFXShared.dylib
0x00007fff6c036000 	/System/Library/Frameworks/OpenGL.framework/Versions/A/Libraries/libGL.dylib
0x00007fff6be31000 	/System/Library/Frameworks/OpenGL.framework/Versions/A/Libraries/libGLImage.dylib
0x00007fff6be25000 	/System/Library/Frameworks/OpenGL.framework/Versions/A/Libraries/libCVMSPluginSupport.dylib
0x00007fff6be10000 	/System/Library/Frameworks/OpenGL.framework/Versions/A/Libraries/libCoreVMClient.dylib
0x00007fff6d480000 	/System/Library/Frameworks/OpenCL.framework/Versions/A/OpenCL
0x00007fff2b5a0000 	/System/Library/PrivateFrameworks/GraphVisualizer.framework/Versions/A/GraphVisualizer
0x00007fff2b5af000 	/System/Library/PrivateFrameworks/FaceCore.framework/Versions/A/FaceCore
0x00007fff2b9cb000 	/System/Library/PrivateFrameworks/OTSVG.framework/Versions/A/OTSVG
0x00007fff27201000 	/System/Library/Frameworks/ApplicationServices.framework/Versions/A/Frameworks/ATS.framework/Versions/A/Resources/libFontRegistry.dylib
0x00007fff2ba1a000 	/System/Library/PrivateFrameworks/FontServices.framework/libhvf.dylib
0x00007fff2b3de000 	/System/Library/PrivateFrameworks/AppleVA.framework/Versions/A/AppleVA
0x00007fff2d12c000 	/System/Library/Frameworks/ApplicationServices.framework/Versions/A/Frameworks/ATS.framework/Versions/A/ATS
0x00007fff2d43f000 	/System/Library/Frameworks/ApplicationServices.framework/Versions/A/Frameworks/ColorSyncLegacy.framework/Versions/A/ColorSyncLegacy
0x00007fff2572f000 	/System/Library/Frameworks/ApplicationServices.framework/Versions/A/Frameworks/HIServices.framework/Versions/A/HIServices
0x00007fff2d424000 	/System/Library/Frameworks/ApplicationServices.framework/Versions/A/Frameworks/LangAnalysis.framework/Versions/A/LangAnalysis
0x00007fff2c0d7000 	/System/Library/Frameworks/ApplicationServices.framework/Versions/A/Frameworks/PrintCore.framework/Versions/A/PrintCore
0x00007fff2d447000 	/System/Library/Frameworks/ApplicationServices.framework/Versions/A/Frameworks/QD.framework/Versions/A/QD
0x00007fff2d11c000 	/System/Library/Frameworks/ApplicationServices.framework/Versions/A/Frameworks/SpeechSynthesis.framework/Versions/A/SpeechSynthesis
0x00007fff2c098000 	/System/Library/Frameworks/ApplicationServices.framework/Versions/A/Frameworks/ATSUI.framework/Versions/A/ATSUI
0x00007fff2d3c4000 	/usr/lib/libcups.2.dylib
0x00007fff2d434000 	/System/Library/PrivateFrameworks/NetAuth.framework/Versions/A/NetAuth
0x00007fff2dac3000 	/System/Library/Frameworks/Kerberos.framework/Versions/A/Kerberos
0x00007fff2dad3000 	/System/Library/Frameworks/GSS.framework/Versions/A/GSS
0x00007fff2d199000 	/usr/lib/libresolv.9.dylib
0x00007fff2ba30000 	/System/Library/PrivateFrameworks/Heimdal.framework/Versions/A/Heimdal
0x00007fff3378a000 	/System/Library/Frameworks/Kerberos.framework/Versions/A/Libraries/libHeimdalProxy.dylib
0x00007fff26309000 	/System/Library/Frameworks/Network.framework/Versions/A/Network
0x00007fff2b44c000 	/usr/lib/libheimdal-asn1.dylib
0x00007fff2db24000 	/System/Library/PrivateFrameworks/CommonAuth.framework/Versions/A/CommonAuth
0x00007fff2765a000 	/System/Library/PrivateFrameworks/login.framework/Versions/A/Frameworks/loginsupport.framework/Versions/A/loginsupport
0x00007fff2d0a3000 	/System/Library/PrivateFrameworks/AudioSession.framework/Versions/A/AudioSession
0x00007fff2d109000 	/usr/lib/libAudioStatistics.dylib
0x00007fff2b4d8000 	/System/Library/PrivateFrameworks/MediaExperience.framework/Versions/A/MediaExperience
0x00007fff2cf3c000 	/System/Library/PrivateFrameworks/AudioSession.framework/libSessionUtility.dylib
0x00007fff2dab4000 	/usr/lib/libperfcheck.dylib
0x00007fff2d453000 	/System/Library/PrivateFrameworks/AudioResourceArbitration.framework/Versions/A/AudioResourceArbitration
0x00007fff2b456000 	/System/Library/PrivateFrameworks/IconFoundation.framework/Versions/A/IconFoundation
0x00007fff2ff57000 	/System/Library/PrivateFrameworks/SpeechRecognitionCore.framework/Versions/A/SpeechRecognitionCore
0x00007fff5d220000 	/System/Library/CoreServices/Encodings/libKoreanConverter.dylib
0x0000000110800000 	/Library/Java/JavaVirtualMachines/jdk-11.0.12.jdk/Contents/Home/lib/server/libjvm.dylib
0x0000000112a4f000 	/Library/Java/JavaVirtualMachines/jdk-11.0.12.jdk/Contents/Home/lib/libverify.dylib
0x0000000112a73000 	/Library/Java/JavaVirtualMachines/jdk-11.0.12.jdk/Contents/Home/lib/libjava.dylib
0x00000001129ef000 	/Library/Java/JavaVirtualMachines/jdk-11.0.12.jdk/Contents/Home/lib/libjimage.dylib
0x0000000112b1a000 	/Library/Java/JavaVirtualMachines/jdk-11.0.12.jdk/Contents/Home/lib/libzip.dylib
0x000000013831f000 	/Library/Java/JavaVirtualMachines/jdk-11.0.12.jdk/Contents/Home/lib/libnio.dylib
0x000000013834a000 	/Library/Java/JavaVirtualMachines/jdk-11.0.12.jdk/Contents/Home/lib/libnet.dylib
0x0000000138387000 	/Library/Java/JavaVirtualMachines/jdk-11.0.12.jdk/Contents/Home/lib/libawt.dylib
0x00000001384cb000 	/Library/Java/JavaVirtualMachines/jdk-11.0.12.jdk/Contents/Home/lib/libmlib_image.dylib
0x00007fff6edc5000 	/System/Library/Frameworks/JavaRuntimeSupport.framework/Versions/A/JavaRuntimeSupport
0x00007fff3cc9e000 	/System/Library/Frameworks/Carbon.framework/Versions/A/Carbon
0x00007fff31dc8000 	/System/Library/PrivateFrameworks/CoreSymbolication.framework/Versions/A/CoreSymbolication
0x00007fff36735000 	/System/Library/Frameworks/Carbon.framework/Versions/A/Frameworks/CommonPanels.framework/Versions/A/CommonPanels
0x00007fff3321f000 	/System/Library/Frameworks/Carbon.framework/Versions/A/Frameworks/Help.framework/Versions/A/Help
0x00007fff36739000 	/System/Library/Frameworks/Carbon.framework/Versions/A/Frameworks/ImageCapture.framework/Versions/A/ImageCapture
0x00007fff36709000 	/System/Library/Frameworks/Carbon.framework/Versions/A/Frameworks/OpenScripting.framework/Versions/A/OpenScripting
0x00007fff36731000 	/System/Library/Frameworks/Carbon.framework/Versions/A/Frameworks/Ink.framework/Versions/A/Ink
0x00007fff3cc9a000 	/System/Library/Frameworks/Carbon.framework/Versions/A/Frameworks/Print.framework/Versions/A/Print
0x00007fff3672d000 	/System/Library/Frameworks/Carbon.framework/Versions/A/Frameworks/SecurityHI.framework/Versions/A/SecurityHI
0x00007fff31d8c000 	/System/Library/PrivateFrameworks/DebugSymbols.framework/Versions/A/DebugSymbols
0x00000001385b2000 	/Library/Java/JavaVirtualMachines/jdk-11.0.12.jdk/Contents/Home/lib/libawt_lwawt.dylib
0x00000001387bb000 	/Library/Java/JavaVirtualMachines/jdk-11.0.12.jdk/Contents/Home/lib/libosxapp.dylib
0x00007fff3c2b5000 	/System/Library/Frameworks/ExceptionHandling.framework/Versions/A/ExceptionHandling
0x00000001388a6000 	/Library/Java/JavaVirtualMachines/jdk-11.0.12.jdk/Contents/Home/lib/libfontmanager.dylib
0x0000000138b79000 	/Library/Java/JavaVirtualMachines/jdk-11.0.12.jdk/Contents/Home/lib/libfreetype.dylib
0x00007fff22ac2000 	/System/Library/PrivateFrameworks/CoreServicesInternal.framework/Versions/A/CoreServicesInternal
0x00007fff312de000 	/System/Library/Frameworks/FileProvider.framework/Versions/A/FileProvider
0x00007fff26127000 	/System/Library/Frameworks/Accounts.framework/Versions/A/Accounts
0x00007fff3142e000 	/System/Library/PrivateFrameworks/GenerationalStorage.framework/Versions/A/GenerationalStorage
0x00007fff30cfe000 	/System/Library/PrivateFrameworks/SymptomDiagnosticReporter.framework/Versions/A/SymptomDiagnosticReporter
0x00007fff23bf3000 	/System/Library/PrivateFrameworks/DesktopServicesPriv.framework/Versions/A/DesktopServicesPriv
0x00007fff22bf7000 	/usr/lib/libsandbox.1.dylib
0x00007fff27685000 	/System/Library/PrivateFrameworks/UserManagement.framework/Versions/A/UserManagement
0x00007fff29e65000 	/System/Library/PrivateFrameworks/MobileKeyBag.framework/Versions/A/MobileKeyBag
0x00007fff3480d000 	/System/Library/PrivateFrameworks/ChunkingLibrary.framework/Versions/A/ChunkingLibrary
0x00007fff2e4e7000 	/System/Library/PrivateFrameworks/Sharing.framework/Versions/A/Sharing
0x00007fff32d8c000 	/System/Library/PrivateFrameworks/Apple80211.framework/Versions/A/Apple80211
0x00007fff2a512000 	/System/Library/PrivateFrameworks/AuthKit.framework/Versions/A/AuthKit
0x00007fff29c63000 	/System/Library/PrivateFrameworks/CoreUtils.framework/Versions/A/CoreUtils
0x00007fff29b90000 	/System/Library/Frameworks/CoreWLAN.framework/Versions/A/CoreWLAN
0x00007fff2e633000 	/System/Library/Frameworks/IOBluetooth.framework/Versions/A/IOBluetooth
0x00007fff32df0000 	/System/Library/PrivateFrameworks/CoreWiFi.framework/Versions/A/CoreWiFi
0x00007fff2dbaa000 	/System/Library/PrivateFrameworks/CorePhoneNumbers.framework/Versions/A/CorePhoneNumbers
0x00007fff30e05000 	/System/Library/PrivateFrameworks/DiskManagement.framework/Versions/A/DiskManagement
0x00007fff30d1b000 	/System/Library/PrivateFrameworks/AppleIDAuthSupport.framework/Versions/A/AppleIDAuthSupport
0x00007fff2db8a000 	/System/Library/PrivateFrameworks/KeychainCircle.framework/Versions/A/KeychainCircle
0x00007fff30dd1000 	/System/Library/PrivateFrameworks/MediaKit.framework/Versions/A/MediaKit
0x00007fff30d28000 	/System/Library/Frameworks/DiscRecording.framework/Versions/A/DiscRecording
0x00007fff2b352000 	/usr/lib/libCoreStorage.dylib
0x00007fff3322b000 	/usr/lib/libcsfde.dylib
0x00007fff2e76e000 	/System/Library/PrivateFrameworks/ProtectedCloudStorage.framework/Versions/A/ProtectedCloudStorage
0x00007fff33223000 	/System/Library/PrivateFrameworks/EFILogin.framework/Versions/A/EFILogin
0x00007fff3383d000 	/System/Library/Frameworks/AudioUnit.framework/Versions/A/AudioUnit
0x00007fff30c98000 	/System/Library/Frameworks/CoreBluetooth.framework/Versions/A/CoreBluetooth
0x00007fff2b34a000 	/usr/lib/libMatch.1.dylib
0x00007fff43b24000 	/System/Library/CoreServices/RawCamera.bundle/Contents/MacOS/RawCamera
0x00007fff2db35000 	/System/Library/PrivateFrameworks/MobileAsset.framework/Versions/A/MobileAsset
0x00007fff33861000 	/System/Library/PrivateFrameworks/StreamingZip.framework/Versions/A/StreamingZip
0x00007fff2c2cf000 	/System/Library/Frameworks/MediaToolbox.framework/Versions/A/MediaToolbox
0x00007fff312b0000 	/System/Library/PrivateFrameworks/CoreAVCHD.framework/Versions/A/CoreAVCHD
0x00007fff30497000 	/System/Library/Frameworks/MediaAccessibility.framework/Versions/A/MediaAccessibility
0x00007fff312ac000 	/System/Library/PrivateFrameworks/Mangrove.framework/Versions/A/Mangrove
0x00007fff304a3000 	/System/Library/PrivateFrameworks/AlgosScoreFramework.framework/Versions/A/AlgosScoreFramework
0x00007fff31c9a000 	/System/Library/PrivateFrameworks/AppleVPA.framework/Versions/A/AppleVPA
0x00007fff30ef1000 	/System/Library/PrivateFrameworks/CoreAUC.framework/Versions/A/CoreAUC
0x00007fff41578000 	/System/Library/Frameworks/Accelerate.framework/Versions/A/Frameworks/vImage.framework/Versions/A/Libraries/libCGInterfaces.dylib
0x000000013b2b9000 	/usr/lib/libobjc-trampolines.dylib
0x00007fff27384000 	/System/Library/PrivateFrameworks/ViewBridge.framework/Versions/A/ViewBridge
0x00007fff2baf1000 	/System/Library/PrivateFrameworks/login.framework/Versions/A/login
0x00007fff6c041000 	/System/Library/Frameworks/OpenGL.framework/Versions/A/Resources/GLEngine.bundle/GLEngine
0x00007fff6bea2000 	/System/Library/Frameworks/OpenGL.framework/Versions/A/Libraries/libGLProgrammability.dylib
0x000000013d9df000 	/System/Library/Extensions/AppleMetalOpenGLRenderer.bundle/Contents/MacOS/AppleMetalOpenGLRenderer
0x00007fff6c1bf000 	/System/Library/Frameworks/OpenGL.framework/Versions/A/Resources/GLRendererFloat.bundle/GLRendererFloat
0x000000013db5c000 	/System/Library/Extensions/AGXMetal13_3.bundle/Contents/MacOS/AGXMetal13_3
0x00007fff388c2000 	/System/Library/PrivateFrameworks/IOGPU.framework/Versions/A/IOGPU
0x00007fff699be000 	/System/Library/PrivateFrameworks/GPUCompiler.framework/Versions/31001/Libraries/libmetal_timestamp.dylib
0x000000013f1e2000 	/Library/Java/JavaVirtualMachines/jdk-11.0.12.jdk/Contents/Home/lib/libosxui.dylib
0x00007fff5d244000 	/System/Library/CoreServices/Encodings/libSimplifiedChineseConverter.dylib
0x00007fff5d20d000 	/System/Library/CoreServices/Encodings/libTraditionalChineseConverter.dylib
0x00007fff58305000 	/System/Library/CoreServices/Encodings/libJapaneseConverter.dylib
0x00007fff77cb4000 	/usr/lib/libRosetta.dylib
0x00007fff304d4000 	/System/Library/PrivateFrameworks/SystemAdministration.framework/Versions/A/SystemAdministration
0x00007fff2ff23000 	/System/Library/Frameworks/DirectoryService.framework/Versions/A/DirectoryService
0x00007fff330cb000 	/System/Library/PrivateFrameworks/DiskImages.framework/Versions/A/DiskImages
0x00007fff3329e000 	/System/Library/PrivateFrameworks/LoginUIKit.framework/Versions/A/Frameworks/LoginUICore.framework/Versions/A/LoginUICore
0x00007fff2bc8c000 	/usr/lib/libodfde.dylib
0x00007fff33237000 	/usr/lib/libcurl.4.dylib
0x00007fff32f97000 	/usr/lib/libcrypto.44.dylib
0x00007fff3309d000 	/usr/lib/libssl.46.dylib
0x00007fff32f5d000 	/System/Library/Frameworks/LDAP.framework/Versions/A/LDAP
0x00007fff32f95000 	/System/Library/PrivateFrameworks/TrustEvaluationAgent.framework/Versions/A/TrustEvaluationAgent
0x00007fff2d1b2000 	/usr/lib/libsasl2.2.dylib
0x00007fff304c8000 	/System/Library/PrivateFrameworks/CoreDaemon.framework/Versions/B/CoreDaemon
0x00007fff304c3000 	/System/Library/PrivateFrameworks/AppleSRP.framework/Versions/A/AppleSRP


VM Arguments:
jvm_args: -Dfile.encoding=UTF-8 
java_command: TabAndThreadEx
java_class_path (initial): /Users/sumin/Desktop/Back-end/JAVA/Class0930/bin
Launcher Type: SUN_STANDARD

[Global flags]
     intx CICompilerCount                          = 4                                         {product} {ergonomic}
     uint ConcGCThreads                            = 2                                         {product} {ergonomic}
     uint G1ConcRefinementThreads                  = 8                                         {product} {ergonomic}
   size_t G1HeapRegionSize                         = 1048576                                   {product} {ergonomic}
    uintx GCDrainStackTargetSize                   = 64                                        {product} {ergonomic}
   size_t InitialHeapSize                          = 268435456                                 {product} {ergonomic}
   size_t MarkStackSize                            = 4194304                                   {product} {ergonomic}
   size_t MaxHeapSize                              = 4294967296                                {product} {ergonomic}
   size_t MaxNewSize                               = 2576351232                                {product} {ergonomic}
   size_t MinHeapDeltaBytes                        = 1048576                                   {product} {ergonomic}
    uintx NonNMethodCodeHeapSize                   = 5836300                                {pd product} {ergonomic}
    uintx NonProfiledCodeHeapSize                  = 122910970                              {pd product} {ergonomic}
    uintx ProfiledCodeHeapSize                     = 122910970                              {pd product} {ergonomic}
    uintx ReservedCodeCacheSize                    = 251658240                              {pd product} {ergonomic}
     bool SegmentedCodeCache                       = true                                      {product} {ergonomic}
     bool UseCompressedClassPointers               = true                                 {lp64_product} {ergonomic}
     bool UseCompressedOops                        = true                                 {lp64_product} {ergonomic}
     bool UseG1GC                                  = true                                      {product} {ergonomic}

Logging:
Log output configuration:
 #0: stdout all=warning uptime,level,tags
 #1: stderr all=off uptime,level,tags

Environment Variables:
PATH=/usr/bin:/bin:/usr/sbin:/sbin
SHELL=/bin/zsh

Signal Handlers:
SIGSEGV: [libjvm.dylib+0x79688e], sa_mask[0]=11111111111111111111111111111111, sa_flags=SA_ONSTACK|SA_RESTART|SA_SIGINFO
SIGBUS: [libjvm.dylib+0x79688e], sa_mask[0]=11111111111111111111111111111111, sa_flags=SA_RESTART|SA_SIGINFO
SIGFPE: [libjvm.dylib+0x79688e], sa_mask[0]=11111111111111111111111111111111, sa_flags=SA_RESTART|SA_SIGINFO
SIGPIPE: [libjvm.dylib+0x6488fa], sa_mask[0]=11111111111111111111111111111111, sa_flags=SA_RESTART|SA_SIGINFO
SIGXFSZ: [libjvm.dylib+0x6488fa], sa_mask[0]=11111111111111111111111111111111, sa_flags=SA_RESTART|SA_SIGINFO
SIGILL: [libjvm.dylib+0x79688e], sa_mask[0]=11111111111111111111111111111111, sa_flags=SA_RESTART|SA_SIGINFO
SIGUSR2: [libjvm.dylib+0x648ece], sa_mask[0]=00100000000000000000000000000000, sa_flags=SA_RESTART|SA_SIGINFO
SIGHUP: [libjvm.dylib+0x64798f], sa_mask[0]=11111111111111111111111111111111, sa_flags=SA_RESTART|SA_SIGINFO
SIGINT: [libjvm.dylib+0x64798f], sa_mask[0]=11111111111111111111111111111111, sa_flags=SA_RESTART|SA_SIGINFO
SIGTERM: [libjvm.dylib+0x64798f], sa_mask[0]=11111111111111111111111111111111, sa_flags=SA_RESTART|SA_SIGINFO
SIGQUIT: [libjvm.dylib+0x64798f], sa_mask[0]=11111111111111111111111111111111, sa_flags=SA_RESTART|SA_SIGINFO


---------------  S Y S T E M  ---------------

OS:uname:Darwin 20.6.0 Darwin Kernel Version 20.6.0: Mon Aug 30 06:12:20 PDT 2021; root:xnu-7195.141.6~3/RELEASE_ARM64_T8101 x86_64
rlimit: STACK 8176k, CORE 0k, NPROC 2666, NOFILE 10240, AS infinity, DATA infinity, FSIZE infinity
load average:2.98 2.11 1.91

CPU:total 8 (initial active 8) (1 cores per cpu, 1 threads per core) family 6 model 44 stepping 0 microcode 0x0, cmov, cx8, fxsr, mmx, sse, sse2, sse3, ssse3, sse4.1, sse4.2, popcnt, aes, clmul, tsc, tscinvbit, tscinv

Memory: 4k page, physical 16777216k(19636k free)

vm_info: Java HotSpot(TM) 64-Bit Server VM (11.0.12+8-LTS-237) for bsd-amd64 JRE (11.0.12+8-LTS-237), built on Jun  8 2021 10:26:22 by "mach5one" with gcc 4.2.1 Compatible Apple LLVM 11.0.0 (clang-1100.0.33.17)

END.
